/*C4*/SET SCHEMA PUBLIC
DROP TABLE PASSENGER
CREATE TABLE PASSENGER ( ID INTEGER IDENTITY, ARRIVALTIME DOUBLE, ENTRYTIME DOUBLE, EXITTIME DOUBLE, ORIGINFLOOR INTEGER, DESTINATIONFLOOR INTEGER, PASSTYPE VARCHAR(20), ELEVATOR INTEGER)
INSERT INTO PASSENGER VALUES(0,19.0E0,65.0E0,111.0E0,22,0,'PASSENGER',0)
COMMIT
INSERT INTO PASSENGER VALUES(1,32.0E0,35.0E0,115.0E0,0,39,'PASSENGER',1)
COMMIT
INSERT INTO PASSENGER VALUES(2,108.0E0,111.0E0,126.0E0,0,6,'PASSENGER',3)
COMMIT
INSERT INTO PASSENGER VALUES(3,107.0E0,125.0E0,144.0E0,8,0,'PASSENGER',2)
COMMIT
INSERT INTO PASSENGER VALUES(4,139.0E0,149.0E0,160.0E0,4,0,'PASSENGER',0)
COMMIT
INSERT INTO PASSENGER VALUES(5,93.0E0,152.0E0,199.0E0,22,0,'PASSENGER',1)
COMMIT
INSERT INTO PASSENGER VALUES(6,65.0E0,200.0E0,207.0E0,0,2,'PASSENGER',1)
COMMIT
INSERT INTO PASSENGER VALUES(7,172.0E0,175.0E0,238.0E0,0,30,'PASSENGER',0)
COMMIT
INSERT INTO PASSENGER VALUES(8,253.0E0,257.0E0,268.0E0,22,18,'PASSENGER',0)
COMMIT
INSERT INTO PASSENGER VALUES(9,238.0E0,310.0E0,341.0E0,0,14,'PASSENGER',0)
COMMIT
INSERT INTO PASSENGER VALUES(10,245.0E0,310.0E0,346.0E0,0,15,'PASSENGER',0)
COMMIT
INSERT INTO PASSENGER VALUES(11,297.0E0,329.0E0,362.0E0,15,0,'PASSENGER',1)
COMMIT
INSERT INTO PASSENGER VALUES(12,226.0E0,310.0E0,373.0E0,0,27,'PASSENGER',0)
COMMIT
INSERT INTO PASSENGER VALUES(13,249.0E0,310.0E0,386.0E0,0,32,'PASSENGER',0)
COMMIT
INSERT INTO PASSENGER VALUES(14,273.0E0,329.0E0,386.0E0,27,0,'PASSENGER',2)
COMMIT
INSERT INTO PASSENGER VALUES(15,965.0E0,968.0E0,985.0E0,0,7,'PASSENGER',1)
COMMIT
INSERT INTO PASSENGER VALUES(16,976.0E0,990.0E0,1009.0E0,8,0,'PASSENGER',1)
COMMIT
INSERT INTO PASSENGER VALUES(17,968.0E0,971.0E0,1026.0E0,0,26,'PASSENGER',2)
COMMIT
INSERT INTO PASSENGER VALUES(18,990.0E0,1081.0E0,1122.0E0,0,19,'PASSENGER',2)
COMMIT
INSERT INTO PASSENGER VALUES(19,1158.0E0,1161.0E0,1186.0E0,0,11,'PASSENGER',1)
COMMIT
INSERT INTO PASSENGER VALUES(20,1861.0E0,1864.0E0,1875.0E0,0,4,'PASSENGER',3)
COMMIT
INSERT INTO PASSENGER VALUES(21,1858.0E0,1861.0E0,1912.0E0,0,24,'PASSENGER',2)
COMMIT
INSERT INTO PASSENGER VALUES(22,1830.0E0,1904.0E0,1979.0E0,36,0,'PASSENGER',0)
COMMIT
INSERT INTO PASSENGER VALUES(23,1912.0E0,1965.0E0,1984.0E0,0,8,'PASSENGER',2)
COMMIT
INSERT INTO PASSENGER VALUES(24,1846.0E0,1918.0E0,1991.0E0,35,0,'PASSENGER',1)
COMMIT
INSERT INTO PASSENGER VALUES(25,1884.0E0,1965.0E0,2025.0E0,0,27,'PASSENGER',2)
COMMIT
INSERT INTO PASSENGER VALUES(26,1891.0E0,1965.0E0,2032.0E0,0,29,'PASSENGER',2)
COMMIT
INSERT INTO PASSENGER VALUES(27,1942.0E0,1990.0E0,2039.0E0,23,0,'PASSENGER',3)
COMMIT
INSERT INTO PASSENGER VALUES(28,1936.0E0,2022.0E0,2049.0E0,20,32,'PASSENGER',0)
COMMIT
INSERT INTO PASSENGER VALUES(29,1976.0E0,1992.0E0,2067.0E0,0,36,'PASSENGER',1)
COMMIT
INSERT INTO PASSENGER VALUES(30,1917.0E0,2047.0E0,2096.0E0,23,0,'PASSENGER',2)
COMMIT
INSERT INTO PASSENGER VALUES(31,2054.0E0,2080.0E0,2145.0E0,31,0,'PASSENGER',1)
COMMIT
INSERT INTO PASSENGER VALUES(32,1943.0E0,2066.0E0,2147.0E0,39,0,'PASSENGER',0)
COMMIT
INSERT INTO PASSENGER VALUES(33,2020.0E0,2147.0E0,2166.0E0,0,8,'PASSENGER',1)
COMMIT
INSERT INTO PASSENGER VALUES(34,2097.0E0,2100.0E0,2179.0E0,0,38,'PASSENGER',2)
COMMIT
INSERT INTO PASSENGER VALUES(35,2064.0E0,2147.0E0,2225.0E0,0,36,'PASSENGER',1)
COMMIT
INSERT INTO PASSENGER VALUES(36,2754.0E0,2758.0E0,2763.0E0,1,0,'PASSENGER',1)
COMMIT
INSERT INTO PASSENGER VALUES(37,2713.0E0,2716.0E0,2787.0E0,0,34,'PASSENGER',0)
COMMIT
INSERT INTO PASSENGER VALUES(38,2715.0E0,2718.0E0,2795.0E0,0,37,'PASSENGER',3)
COMMIT
INSERT INTO PASSENGER VALUES(39,2722.0E0,2856.0E0,2861.0E0,1,0,'PASSENGER',0)
COMMIT
INSERT INTO PASSENGER VALUES(40,2724.0E0,2832.0E0,2875.0E0,20,0,'PASSENGER',3)
COMMIT
INSERT INTO PASSENGER VALUES(41,2867.0E0,2870.0E0,2879.0E0,0,3,'PASSENGER',0)
COMMIT
INSERT INTO PASSENGER VALUES(42,2893.0E0,2896.0E0,2923.0E0,0,12,'PASSENGER',0)
COMMIT
INSERT INTO PASSENGER VALUES(43,2887.0E0,2915.0E0,2944.0E0,13,0,'PASSENGER',3)
COMMIT
INSERT INTO PASSENGER VALUES(44,2821.0E0,2891.0E0,2962.0E0,34,0,'PASSENGER',1)
COMMIT
INSERT INTO PASSENGER VALUES(45,2980.0E0,2983.0E0,3044.0E0,0,29,'PASSENGER',3)
COMMIT
INSERT INTO PASSENGER VALUES(46,2965.0E0,3015.0E0,3066.0E0,24,0,'PASSENGER',1)
COMMIT
INSERT INTO PASSENGER VALUES(47,2990.0E0,3105.0E0,3114.0E0,0,3,'PASSENGER',3)
COMMIT
INSERT INTO PASSENGER VALUES(48,3605.0E0,3608.0E0,3645.0E0,0,17,'PASSENGER',1)
COMMIT
INSERT INTO PASSENGER VALUES(49,3664.0E0,3686.0E0,3693.0E0,0,2,'PASSENGER',1)
COMMIT
INSERT INTO PASSENGER VALUES(50,3662.0E0,3665.0E0,3694.0E0,0,13,'PASSENGER',2)
COMMIT
INSERT INTO PASSENGER VALUES(51,3610.0E0,3686.0E0,3698.0E0,0,3,'PASSENGER',1)
COMMIT
INSERT INTO PASSENGER VALUES(52,3624.0E0,3686.0E0,3721.0E0,0,13,'PASSENGER',1)
COMMIT
INSERT INTO PASSENGER VALUES(53,3651.0E0,3686.0E0,3730.0E0,0,16,'PASSENGER',1)
COMMIT
INSERT INTO PASSENGER VALUES(54,3617.0E0,3686.0E0,3768.0E0,0,32,'PASSENGER',1)
COMMIT
INSERT INTO PASSENGER VALUES(55,3636.0E0,3702.0E0,3769.0E0,32,0,'PASSENGER',0)
COMMIT
INSERT INTO PASSENGER VALUES(56,3681.0E0,3723.0E0,3770.0E0,0,22,'PASSENGER',2)
COMMIT
INSERT INTO PASSENGER VALUES(57,3629.0E0,3745.0E0,3777.0E0,22,35,'PASSENGER',1)
COMMIT
INSERT INTO PASSENGER VALUES(58,3695.0E0,3698.0E0,3777.0E0,0,38,'PASSENGER',3)
COMMIT
INSERT INTO PASSENGER VALUES(59,3806.0E0,3818.0E0,3843.0E0,0,11,'PASSENGER',2)
COMMIT
INSERT INTO PASSENGER VALUES(60,3796.0E0,3810.0E0,3857.0E0,20,0,'PASSENGER',1)
COMMIT
INSERT INTO PASSENGER VALUES(61,3770.0E0,3819.0E0,3857.0E0,17,0,'PASSENGER',1)
COMMIT
INSERT INTO PASSENGER VALUES(62,3746.0E0,3782.0E0,3863.0E0,37,0,'PASSENGER',3)
COMMIT
INSERT INTO PASSENGER VALUES(63,3783.0E0,3845.0E0,3863.0E0,7,0,'PASSENGER',3)
COMMIT
INSERT INTO PASSENGER VALUES(64,3723.0E0,3818.0E0,3868.0E0,0,22,'PASSENGER',2)
COMMIT
INSERT INTO PASSENGER VALUES(65,3708.0E0,3869.0E0,3875.0E0,0,1,'PASSENGER',3)
COMMIT
INSERT INTO PASSENGER VALUES(66,3797.0E0,3869.0E0,3875.0E0,0,1,'PASSENGER',3)
COMMIT
INSERT INTO PASSENGER VALUES(67,3731.0E0,3864.0E0,3879.0E0,0,6,'PASSENGER',1)
COMMIT
INSERT INTO PASSENGER VALUES(68,3723.0E0,3869.0E0,3882.0E0,0,3,'PASSENGER',3)
COMMIT
INSERT INTO PASSENGER VALUES(69,3768.0E0,3864.0E0,3890.0E0,0,10,'PASSENGER',1)
COMMIT
INSERT INTO PASSENGER VALUES(70,3771.0E0,3864.0E0,3899.0E0,0,13,'PASSENGER',1)
COMMIT
INSERT INTO PASSENGER VALUES(71,3731.0E0,3864.0E0,3906.0E0,0,15,'PASSENGER',1)
COMMIT
INSERT INTO PASSENGER VALUES(72,3764.0E0,3864.0E0,3912.0E0,0,16,'PASSENGER',1)
COMMIT
INSERT INTO PASSENGER VALUES(73,3784.0E0,3864.0E0,3912.0E0,0,16,'PASSENGER',1)
COMMIT
INSERT INTO PASSENGER VALUES(74,3751.0E0,3842.0E0,3919.0E0,35,0,'PASSENGER',0)
COMMIT
INSERT INTO PASSENGER VALUES(75,3852.0E0,3901.0E0,3919.0E0,7,0,'PASSENGER',0)
COMMIT
INSERT INTO PASSENGER VALUES(76,3718.0E0,3869.0E0,3919.0E0,0,19,'PASSENGER',3)
COMMIT
INSERT INTO PASSENGER VALUES(77,3829.0E0,3869.0E0,3919.0E0,0,19,'PASSENGER',3)
COMMIT
INSERT INTO PASSENGER VALUES(78,3861.0E0,3869.0E0,3919.0E0,0,19,'PASSENGER',3)
COMMIT
INSERT INTO PASSENGER VALUES(79,3786.0E0,3864.0E0,3959.0E0,0,38,'PASSENGER',1)
COMMIT
INSERT INTO PASSENGER VALUES(80,3700.0E0,3903.0E0,3982.0E0,38,0,'PASSENGER',2)
COMMIT
INSERT INTO PASSENGER VALUES(81,3869.0E0,3967.0E0,3992.0E0,21,32,'PASSENGER',0)
COMMIT
INSERT INTO PASSENGER VALUES(82,3863.0E0,3938.0E0,4009.0E0,8,39,'PASSENGER',0)
COMMIT
INSERT INTO PASSENGER VALUES(83,3886.0E0,3984.0E0,4015.0E0,0,14,'PASSENGER',2)
COMMIT
INSERT INTO PASSENGER VALUES(84,3890.0E0,3984.0E0,4022.0E0,0,16,'PASSENGER',2)
COMMIT
INSERT INTO PASSENGER VALUES(85,4551.0E0,4561.0E0,4566.0E0,4,3,'PASSENGER',1)
COMMIT
INSERT INTO PASSENGER VALUES(86,4536.0E0,4573.0E0,4590.0E0,35,28,'PASSENGER',0)
COMMIT
INSERT INTO PASSENGER VALUES(87,4580.0E0,4588.0E0,4597.0E0,3,0,'PASSENGER',3)
COMMIT
INSERT INTO PASSENGER VALUES(88,4568.0E0,4571.0E0,4618.0E0,0,22,'PASSENGER',2)
COMMIT
INSERT INTO PASSENGER VALUES(89,4554.0E0,4604.0E0,4619.0E0,24,18,'PASSENGER',0)
COMMIT
INSERT INTO PASSENGER VALUES(90,4609.0E0,4612.0E0,4635.0E0,0,10,'PASSENGER',3)
COMMIT
INSERT INTO PASSENGER VALUES(91,4500.0E0,4573.0E0,4649.0E0,35,6,'PASSENGER',0)
COMMIT
INSERT INTO PASSENGER VALUES(92,4540.0E0,4599.0E0,4658.0E0,25,3,'PASSENGER',0)
COMMIT
INSERT INTO PASSENGER VALUES(93,4577.0E0,4653.0E0,4662.0E0,6,3,'PASSENGER',2)
COMMIT
INSERT INTO PASSENGER VALUES(94,4555.0E0,4642.0E0,4671.0E0,8,0,'PASSENGER',0)
COMMIT
INSERT INTO PASSENGER VALUES(95,4614.0E0,4663.0E0,4671.0E0,2,0,'PASSENGER',0)
COMMIT
INSERT INTO PASSENGER VALUES(96,4517.0E0,4681.0E0,4688.0E0,0,2,'PASSENGER',0)
COMMIT
INSERT INTO PASSENGER VALUES(97,4570.0E0,4681.0E0,4693.0E0,0,3,'PASSENGER',0)
COMMIT
INSERT INTO PASSENGER VALUES(98,4556.0E0,4633.0E0,4706.0E0,35,0,'PASSENGER',1)
COMMIT
INSERT INTO PASSENGER VALUES(99,4625.0E0,4696.0E0,4707.0E0,39,35,'PASSENGER',3)
COMMIT
INSERT INTO PASSENGER VALUES(100,4538.0E0,4681.0E0,4708.0E0,0,9,'PASSENGER',0)
COMMIT
INSERT INTO PASSENGER VALUES(101,4500.0E0,4681.0E0,4723.0E0,0,13,'PASSENGER',0)
COMMIT
INSERT INTO PASSENGER VALUES(102,4560.0E0,4681.0E0,4723.0E0,0,13,'PASSENGER',0)
COMMIT
INSERT INTO PASSENGER VALUES(103,4683.0E0,4710.0E0,4727.0E0,0,7,'PASSENGER',1)
COMMIT
INSERT INTO PASSENGER VALUES(104,4650.0E0,4681.0E0,4731.0E0,0,15,'PASSENGER',0)
COMMIT
INSERT INTO PASSENGER VALUES(105,4560.0E0,4715.0E0,4731.0E0,11,15,'PASSENGER',0)
COMMIT
INSERT INTO PASSENGER VALUES(106,4556.0E0,4710.0E0,4740.0E0,0,12,'PASSENGER',1)
COMMIT
INSERT INTO PASSENGER VALUES(107,4527.0E0,4681.0E0,4742.0E0,0,19,'PASSENGER',0)
COMMIT
INSERT INTO PASSENGER VALUES(108,4519.0E0,4681.0E0,4749.0E0,0,21,'PASSENGER',0)
COMMIT
INSERT INTO PASSENGER VALUES(109,4694.0E0,4710.0E0,4755.0E0,0,18,'PASSENGER',1)
COMMIT
INSERT INTO PASSENGER VALUES(110,4551.0E0,4681.0E0,4770.0E0,0,30,'PASSENGER',0)
COMMIT
INSERT INTO PASSENGER VALUES(111,4596.0E0,4715.0E0,4774.0E0,28,0,'PASSENGER',2)
COMMIT
INSERT INTO PASSENGER VALUES(112,4693.0E0,4710.0E0,4780.0E0,0,29,'PASSENGER',1)
COMMIT
INSERT INTO PASSENGER VALUES(113,4655.0E0,4714.0E0,4783.0E0,33,0,'PASSENGER',3)
COMMIT
INSERT INTO PASSENGER VALUES(114,4553.0E0,4681.0E0,4789.0E0,0,37,'PASSENGER',0)
COMMIT
INSERT INTO PASSENGER VALUES(115,4564.0E0,4771.0E0,4789.0E0,30,37,'PASSENGER',0)
COMMIT
INSERT INTO PASSENGER VALUES(116,4614.0E0,4796.0E0,4801.0E0,0,1,'PASSENGER',3)
COMMIT
INSERT INTO PASSENGER VALUES(117,4591.0E0,4778.0E0,4810.0E0,0,14,'PASSENGER',2)
COMMIT
INSERT INTO PASSENGER VALUES(118,4674.0E0,4778.0E0,4810.0E0,0,14,'PASSENGER',2)
COMMIT
INSERT INTO PASSENGER VALUES(119,4590.0E0,4778.0E0,4831.0E0,0,23,'PASSENGER',2)
COMMIT
INSERT INTO PASSENGER VALUES(120,4623.0E0,4796.0E0,4832.0E0,0,15,'PASSENGER',3)
COMMIT
INSERT INTO PASSENGER VALUES(121,4623.0E0,4796.0E0,4838.0E0,0,16,'PASSENGER',3)
COMMIT
INSERT INTO PASSENGER VALUES(122,4729.0E0,4796.0E0,4838.0E0,0,16,'PASSENGER',3)
COMMIT
INSERT INTO PASSENGER VALUES(123,4612.0E0,4796.0E0,4843.0E0,0,17,'PASSENGER',3)
COMMIT
INSERT INTO PASSENGER VALUES(124,4761.0E0,4797.0E0,4844.0E0,22,0,'PASSENGER',1)
COMMIT
INSERT INTO PASSENGER VALUES(125,4777.0E0,4796.0E0,4856.0E0,0,22,'PASSENGER',3)
COMMIT
INSERT INTO PASSENGER VALUES(126,4580.0E0,4778.0E0,4864.0E0,0,38,'PASSENGER',2)
COMMIT
INSERT INTO PASSENGER VALUES(127,4624.0E0,4796.0E0,4864.0E0,0,24,'PASSENGER',3)
COMMIT
INSERT INTO PASSENGER VALUES(128,4650.0E0,4796.0E0,4869.0E0,0,25,'PASSENGER',3)
COMMIT
INSERT INTO PASSENGER VALUES(129,4616.0E0,4796.0E0,4875.0E0,0,26,'PASSENGER',3)
COMMIT
INSERT INTO PASSENGER VALUES(130,4619.0E0,4796.0E0,4875.0E0,0,26,'PASSENGER',3)
COMMIT
INSERT INTO PASSENGER VALUES(131,4766.0E0,4871.0E0,4878.0E0,0,2,'PASSENGER',0)
COMMIT
INSERT INTO PASSENGER VALUES(132,4713.0E0,4857.0E0,4880.0E0,22,27,'PASSENGER',3)
COMMIT
INSERT INTO PASSENGER VALUES(133,4680.0E0,4871.0E0,4891.0E0,0,7,'PASSENGER',0)
COMMIT
INSERT INTO PASSENGER VALUES(134,4635.0E0,4796.0E0,4893.0E0,0,31,'PASSENGER',3)
COMMIT
INSERT INTO PASSENGER VALUES(135,4688.0E0,4796.0E0,4893.0E0,0,31,'PASSENGER',3)
COMMIT
INSERT INTO PASSENGER VALUES(136,4727.0E0,4796.0E0,4893.0E0,0,31,'PASSENGER',3)
COMMIT
INSERT INTO PASSENGER VALUES(137,4769.0E0,4871.0E0,4904.0E0,0,12,'PASSENGER',0)
COMMIT
INSERT INTO PASSENGER VALUES(138,4755.0E0,4871.0E0,4923.0E0,0,20,'PASSENGER',0)
COMMIT
INSERT INTO PASSENGER VALUES(139,4775.0E0,4871.0E0,4930.0E0,0,22,'PASSENGER',0)
COMMIT
INSERT INTO PASSENGER VALUES(140,4771.0E0,4926.0E0,4931.0E0,10,9,'PASSENGER',2)
COMMIT
INSERT INTO PASSENGER VALUES(141,4717.0E0,4887.0E0,4952.0E0,28,0,'PASSENGER',2)
COMMIT
INSERT INTO PASSENGER VALUES(142,4797.0E0,4871.0E0,4963.0E0,0,37,'PASSENGER',0)
COMMIT
INSERT INTO PASSENGER VALUES(143,4784.0E0,4958.0E0,5025.0E0,0,32,'PASSENGER',3)
COMMIT
INSERT INTO PASSENGER VALUES(144,4785.0E0,4953.0E0,5032.0E0,0,38,'PASSENGER',2)
COMMIT
INSERT INTO PASSENGER VALUES(145,5403.0E0,5407.0E0,5414.0E0,0,2,'PASSENGER',0)
COMMIT
INSERT INTO PASSENGER VALUES(146,5402.0E0,5408.0E0,5415.0E0,2,0,'PASSENGER',1)
COMMIT
INSERT INTO PASSENGER VALUES(147,5403.0E0,5407.0E0,5425.0E0,0,6,'PASSENGER',0)
COMMIT
INSERT INTO PASSENGER VALUES(148,5402.0E0,5416.0E0,5449.0E0,0,15,'PASSENGER',1)
COMMIT
INSERT INTO PASSENGER VALUES(149,5411.0E0,5414.0E0,5465.0E0,0,24,'PASSENGER',2)
COMMIT
INSERT INTO PASSENGER VALUES(150,5415.0E0,5418.0E0,5471.0E0,0,25,'PASSENGER',3)
COMMIT
INSERT INTO PASSENGER VALUES(151,5438.0E0,5454.0E0,5485.0E0,14,0,'PASSENGER',1)
COMMIT
INSERT INTO PASSENGER VALUES(152,5489.0E0,5493.0E0,5508.0E0,7,1,'PASSENGER',0)
COMMIT
INSERT INTO PASSENGER VALUES(153,5407.0E0,5460.0E0,5513.0E0,22,0,'PASSENGER',0)
COMMIT
INSERT INTO PASSENGER VALUES(154,5425.0E0,5489.0E0,5527.0E0,0,17,'PASSENGER',1)
COMMIT
INSERT INTO PASSENGER VALUES(155,5449.0E0,5489.0E0,5527.0E0,0,17,'PASSENGER',1)
COMMIT
INSERT INTO PASSENGER VALUES(156,5485.0E0,5523.0E0,5532.0E0,0,3,'PASSENGER',0)
COMMIT
INSERT INTO PASSENGER VALUES(157,5448.0E0,5521.0E0,5534.0E0,0,5,'PASSENGER',2)
COMMIT
INSERT INTO PASSENGER VALUES(158,5444.0E0,5521.0E0,5539.0E0,0,6,'PASSENGER',2)
COMMIT
INSERT INTO PASSENGER VALUES(159,5410.0E0,5523.0E0,5542.0E0,0,6,'PASSENGER',0)
COMMIT
INSERT INTO PASSENGER VALUES(160,5435.0E0,5523.0E0,5542.0E0,0,6,'PASSENGER',0)
COMMIT
INSERT INTO PASSENGER VALUES(161,5497.0E0,5532.0E0,5543.0E0,0,4,'PASSENGER',3)
COMMIT
INSERT INTO PASSENGER VALUES(162,5445.0E0,5489.0E0,5546.0E0,0,25,'PASSENGER',1)
COMMIT
INSERT INTO PASSENGER VALUES(163,5431.0E0,5489.0E0,5553.0E0,0,27,'PASSENGER',1)
COMMIT
INSERT INTO PASSENGER VALUES(164,5500.0E0,5532.0E0,5559.0E0,0,10,'PASSENGER',3)
COMMIT
INSERT INTO PASSENGER VALUES(165,5523.0E0,5532.0E0,5559.0E0,0,10,'PASSENGER',3)
COMMIT
INSERT INTO PASSENGER VALUES(166,5483.0E0,5523.0E0,5563.0E0,0,13,'PASSENGER',0)
COMMIT
INSERT INTO PASSENGER VALUES(167,5502.0E0,5523.0E0,5563.0E0,0,13,'PASSENGER',0)
COMMIT
INSERT INTO PASSENGER VALUES(168,5472.0E0,5532.0E0,5569.0E0,0,13,'PASSENGER',3)
COMMIT
INSERT INTO PASSENGER VALUES(169,5500.0E0,5532.0E0,5569.0E0,0,13,'PASSENGER',3)
COMMIT
INSERT INTO PASSENGER VALUES(170,5414.0E0,5521.0E0,5580.0E0,0,25,'PASSENGER',2)
COMMIT
INSERT INTO PASSENGER VALUES(171,5477.0E0,5532.0E0,5584.0E0,0,19,'PASSENGER',3)
COMMIT
INSERT INTO PASSENGER VALUES(172,5490.0E0,5523.0E0,5585.0E0,0,22,'PASSENGER',0)
COMMIT
INSERT INTO PASSENGER VALUES(173,5497.0E0,5523.0E0,5585.0E0,0,22,'PASSENGER',0)
COMMIT
INSERT INTO PASSENGER VALUES(174,5476.0E0,5553.0E0,5590.0E0,10,23,'PASSENGER',0)
COMMIT
INSERT INTO PASSENGER VALUES(175,5481.0E0,5523.0E0,5595.0E0,0,24,'PASSENGER',0)
COMMIT
INSERT INTO PASSENGER VALUES(176,5452.0E0,5521.0E0,5597.0E0,0,32,'PASSENGER',2)
COMMIT
INSERT INTO PASSENGER VALUES(177,5474.0E0,5532.0E0,5597.0E0,0,24,'PASSENGER',3)
COMMIT
INSERT INTO PASSENGER VALUES(178,5415.0E0,5521.0E0,5603.0E0,0,33,'PASSENGER',2)
COMMIT
INSERT INTO PASSENGER VALUES(179,5446.0E0,5521.0E0,5608.0E0,0,34,'PASSENGER',2)
COMMIT
INSERT INTO PASSENGER VALUES(180,5484.0E0,5532.0E0,5612.0E0,0,30,'PASSENGER',3)
COMMIT
INSERT INTO PASSENGER VALUES(181,5541.0E0,5566.0E0,5613.0E0,22,0,'PASSENGER',1)
COMMIT
INSERT INTO PASSENGER VALUES(182,5406.0E0,5523.0E0,5626.0E0,0,37,'PASSENGER',0)
COMMIT
INSERT INTO PASSENGER VALUES(183,5445.0E0,5523.0E0,5626.0E0,0,37,'PASSENGER',0)
COMMIT
INSERT INTO PASSENGER VALUES(184,5506.0E0,5532.0E0,5631.0E0,0,38,'PASSENGER',3)
COMMIT
INSERT INTO PASSENGER VALUES(185,5488.0E0,5620.0E0,5634.0E0,0,4,'PASSENGER',1)
COMMIT
INSERT INTO PASSENGER VALUES(186,5562.0E0,5627.0E0,5643.0E0,2,7,'PASSENGER',1)
COMMIT
INSERT INTO PASSENGER VALUES(187,5547.0E0,5620.0E0,5656.0E0,0,11,'PASSENGER',1)
COMMIT
INSERT INTO PASSENGER VALUES(188,5586.0E0,5620.0E0,5656.0E0,0,11,'PASSENGER',1)
COMMIT
INSERT INTO PASSENGER VALUES(189,5557.0E0,5620.0E0,5672.0E0,0,17,'PASSENGER',1)
COMMIT
INSERT INTO PASSENGER VALUES(190,5568.0E0,5620.0E0,5672.0E0,0,17,'PASSENGER',1)
COMMIT
INSERT INTO PASSENGER VALUES(191,5517.0E0,5661.0E0,5684.0E0,26,16,'PASSENGER',3)
COMMIT
INSERT INTO PASSENGER VALUES(192,5487.0E0,5620.0E0,5685.0E0,0,22,'PASSENGER',1)
COMMIT
INSERT INTO PASSENGER VALUES(193,5479.0E0,5615.0E0,5686.0E0,32,0,'PASSENGER',2)
COMMIT
INSERT INTO PASSENGER VALUES(194,5453.0E0,5626.0E0,5686.0E0,28,0,'PASSENGER',2)
COMMIT
INSERT INTO PASSENGER VALUES(195,5638.0E0,5656.0E0,5693.0E0,24,10,'PASSENGER',0)
COMMIT
INSERT INTO PASSENGER VALUES(196,5552.0E0,5620.0E0,5699.0E0,0,26,'PASSENGER',1)
COMMIT
INSERT INTO PASSENGER VALUES(197,5585.0E0,5656.0E0,5718.0E0,24,0,'PASSENGER',0)
COMMIT
INSERT INTO PASSENGER VALUES(198,5583.0E0,5681.0E0,5718.0E0,13,0,'PASSENGER',0)
COMMIT
INSERT INTO PASSENGER VALUES(199,5589.0E0,5686.0E0,5718.0E0,12,0,'PASSENGER',0)
COMMIT
INSERT INTO PASSENGER VALUES(200,5553.0E0,5644.0E0,5719.0E0,7,34,'PASSENGER',1)
COMMIT
INSERT INTO PASSENGER VALUES(201,5484.0E0,5652.0E0,5723.0E0,29,0,'PASSENGER',3)
COMMIT
INSERT INTO PASSENGER VALUES(202,5666.0E0,5713.0E0,5723.0E0,3,0,'PASSENGER',3)
COMMIT
INSERT INTO PASSENGER VALUES(203,5597.0E0,5690.0E0,5725.0E0,23,35,'PASSENGER',1)
COMMIT
INSERT INTO PASSENGER VALUES(204,5560.0E0,5735.0E0,5741.0E0,0,1,'PASSENGER',3)
COMMIT
INSERT INTO PASSENGER VALUES(205,5674.0E0,5735.0E0,5741.0E0,0,1,'PASSENGER',3)
COMMIT
INSERT INTO PASSENGER VALUES(206,5574.0E0,5729.0E0,5748.0E0,0,8,'PASSENGER',0)
COMMIT
INSERT INTO PASSENGER VALUES(207,5593.0E0,5735.0E0,5748.0E0,0,3,'PASSENGER',3)
COMMIT
INSERT INTO PASSENGER VALUES(208,5520.0E0,5729.0E0,5754.0E0,0,9,'PASSENGER',0)
COMMIT
INSERT INTO PASSENGER VALUES(209,5636.0E0,5729.0E0,5754.0E0,0,9,'PASSENGER',0)
COMMIT
INSERT INTO PASSENGER VALUES(210,5678.0E0,5742.0E0,5755.0E0,26,31,'PASSENGER',2)
COMMIT
INSERT INTO PASSENGER VALUES(211,5566.0E0,5729.0E0,5763.0E0,0,12,'PASSENGER',0)
COMMIT
INSERT INTO PASSENGER VALUES(212,5547.0E0,5687.0E0,5764.0E0,0,34,'PASSENGER',2)
COMMIT
INSERT INTO PASSENGER VALUES(213,5533.0E0,5731.0E0,5765.0E0,34,20,'PASSENGER',1)
COMMIT
INSERT INTO PASSENGER VALUES(214,5576.0E0,5729.0E0,5773.0E0,0,15,'PASSENGER',0)
COMMIT
INSERT INTO PASSENGER VALUES(215,5607.0E0,5729.0E0,5773.0E0,0,15,'PASSENGER',0)
COMMIT
INSERT INTO PASSENGER VALUES(216,5661.0E0,5735.0E0,5778.0E0,0,16,'PASSENGER',3)
COMMIT
INSERT INTO PASSENGER VALUES(217,5685.0E0,5735.0E0,5778.0E0,0,16,'PASSENGER',3)
COMMIT
INSERT INTO PASSENGER VALUES(218,5679.0E0,5729.0E0,5784.0E0,0,19,'PASSENGER',0)
COMMIT
INSERT INTO PASSENGER VALUES(219,5506.0E0,5769.0E0,5788.0E0,35,27,'PASSENGER',2)
COMMIT
INSERT INTO PASSENGER VALUES(220,5546.0E0,5735.0E0,5797.0E0,0,24,'PASSENGER',3)
COMMIT
INSERT INTO PASSENGER VALUES(221,5672.0E0,5729.0E0,5808.0E0,0,28,'PASSENGER',0)
COMMIT
INSERT INTO PASSENGER VALUES(222,5534.0E0,5726.0E0,5809.0E0,35,0,'PASSENGER',1)
COMMIT
INSERT INTO PASSENGER VALUES(223,5639.0E0,5750.0E0,5809.0E0,26,0,'PASSENGER',1)
COMMIT
INSERT INTO PASSENGER VALUES(224,5584.0E0,5735.0E0,5812.0E0,0,29,'PASSENGER',3)
COMMIT
INSERT INTO PASSENGER VALUES(225,5598.0E0,5735.0E0,5812.0E0,0,29,'PASSENGER',3)
COMMIT
INSERT INTO PASSENGER VALUES(226,5658.0E0,5735.0E0,5812.0E0,0,29,'PASSENGER',3)
COMMIT
INSERT INTO PASSENGER VALUES(227,5577.0E0,5729.0E0,5819.0E0,0,31,'PASSENGER',0)
COMMIT
INSERT INTO PASSENGER VALUES(228,5586.0E0,5729.0E0,5819.0E0,0,31,'PASSENGER',0)
COMMIT
INSERT INTO PASSENGER VALUES(229,5667.0E0,5729.0E0,5819.0E0,0,31,'PASSENGER',0)
COMMIT
INSERT INTO PASSENGER VALUES(230,5661.0E0,5735.0E0,5823.0E0,0,33,'PASSENGER',3)
COMMIT
INSERT INTO PASSENGER VALUES(231,5666.0E0,5799.0E0,5826.0E0,25,33,'PASSENGER',0)
COMMIT
INSERT INTO PASSENGER VALUES(232,5685.0E0,5735.0E0,5834.0E0,0,37,'PASSENGER',3)
COMMIT
INSERT INTO PASSENGER VALUES(233,5617.0E0,5735.0E0,5839.0E0,0,38,'PASSENGER',3)
COMMIT
INSERT INTO PASSENGER VALUES(234,5639.0E0,5833.0E0,5870.0E0,35,18,'PASSENGER',0)
COMMIT
INSERT INTO PASSENGER VALUES(235,5638.0E0,5812.0E0,5883.0E0,0,34,'PASSENGER',1)
COMMIT
INSERT INTO PASSENGER VALUES(236,5619.0E0,5812.0E0,5889.0E0,0,35,'PASSENGER',1)
COMMIT
INSERT INTO PASSENGER VALUES(237,5684.0E0,5812.0E0,5889.0E0,0,35,'PASSENGER',1)
COMMIT
INSERT INTO PASSENGER VALUES(238,5642.0E0,5848.0E0,5905.0E0,35,8,'PASSENGER',3)
COMMIT
INSERT INTO PASSENGER VALUES(239,6326.0E0,6329.0E0,6346.0E0,0,7,'PASSENGER',3)
COMMIT
INSERT INTO PASSENGER VALUES(240,6325.0E0,6329.0E0,6353.0E0,0,9,'PASSENGER',3)
COMMIT
INSERT INTO PASSENGER VALUES(241,6320.0E0,6324.0E0,6359.0E0,0,16,'PASSENGER',2)
COMMIT
INSERT INTO PASSENGER VALUES(242,6320.0E0,6324.0E0,6364.0E0,0,17,'PASSENGER',2)
COMMIT
INSERT INTO PASSENGER VALUES(243,6354.0E0,6370.0E0,6377.0E0,2,0,'PASSENGER',3)
COMMIT
INSERT INTO PASSENGER VALUES(244,6335.0E0,6349.0E0,6380.0E0,21,35,'PASSENGER',0)
COMMIT
INSERT INTO PASSENGER VALUES(245,6302.0E0,6320.0E0,6391.0E0,8,39,'PASSENGER',0)
COMMIT
INSERT INTO PASSENGER VALUES(246,6314.0E0,6317.0E0,6396.0E0,0,35,'PASSENGER',1)
COMMIT
INSERT INTO PASSENGER VALUES(247,6333.0E0,6348.0E0,6405.0E0,14,38,'PASSENGER',1)
COMMIT
INSERT INTO PASSENGER VALUES(248,6329.0E0,6391.0E0,6412.0E0,34,39,'PASSENGER',1)
COMMIT
INSERT INTO PASSENGER VALUES(249,6390.0E0,6406.0E0,6412.0E0,38,39,'PASSENGER',1)
COMMIT
INSERT INTO PASSENGER VALUES(250,6337.0E0,6416.0E0,6431.0E0,0,5,'PASSENGER',2)
COMMIT
INSERT INTO PASSENGER VALUES(251,6380.0E0,6416.0E0,6431.0E0,0,5,'PASSENGER',2)
COMMIT
INSERT INTO PASSENGER VALUES(252,6388.0E0,6416.0E0,6431.0E0,0,5,'PASSENGER',2)
COMMIT
INSERT INTO PASSENGER VALUES(253,6380.0E0,6383.0E0,6442.0E0,1,29,'PASSENGER',3)
COMMIT
INSERT INTO PASSENGER VALUES(254,6376.0E0,6416.0E0,6443.0E0,0,9,'PASSENGER',2)
COMMIT
INSERT INTO PASSENGER VALUES(255,6377.0E0,6416.0E0,6443.0E0,0,9,'PASSENGER',2)
COMMIT
INSERT INTO PASSENGER VALUES(256,6340.0E0,6378.0E0,6451.0E0,0,32,'PASSENGER',3)
COMMIT
INSERT INTO PASSENGER VALUES(257,6337.0E0,6416.0E0,6455.0E0,0,13,'PASSENGER',2)
COMMIT
INSERT INTO PASSENGER VALUES(258,6388.0E0,6416.0E0,6455.0E0,0,13,'PASSENGER',2)
COMMIT
INSERT INTO PASSENGER VALUES(259,6324.0E0,6416.0E0,6462.0E0,0,15,'PASSENGER',2)
COMMIT
INSERT INTO PASSENGER VALUES(260,6352.0E0,6416.0E0,6469.0E0,0,17,'PASSENGER',2)
COMMIT
INSERT INTO PASSENGER VALUES(261,6313.0E0,6470.0E0,6475.0E0,1,0,'PASSENGER',0)
COMMIT
INSERT INTO PASSENGER VALUES(262,6362.0E0,6416.0E0,6481.0E0,0,20,'PASSENGER',2)
COMMIT
INSERT INTO PASSENGER VALUES(263,6317.0E0,6419.0E0,6496.0E0,37,0,'PASSENGER',1)
COMMIT
INSERT INTO PASSENGER VALUES(264,6390.0E0,6489.0E0,6504.0E0,0,6,'PASSENGER',0)
COMMIT
INSERT INTO PASSENGER VALUES(265,6342.0E0,6416.0E0,6504.0E0,0,30,'PASSENGER',2)
COMMIT
INSERT INTO PASSENGER VALUES(266,6379.0E0,6457.0E0,6507.0E0,31,9,'PASSENGER',3)
COMMIT
INSERT INTO PASSENGER VALUES(267,6368.0E0,6416.0E0,6510.0E0,0,31,'PASSENGER',2)
COMMIT
INSERT INTO PASSENGER VALUES(268,6398.0E0,6416.0E0,6510.0E0,0,31,'PASSENGER',2)
COMMIT
INSERT INTO PASSENGER VALUES(269,6336.0E0,6416.0E0,6517.0E0,0,32,'PASSENGER',2)
COMMIT
INSERT INTO PASSENGER VALUES(270,6384.0E0,6416.0E0,6517.0E0,0,32,'PASSENGER',2)
COMMIT
INSERT INTO PASSENGER VALUES(271,6310.0E0,6489.0E0,6518.0E0,0,10,'PASSENGER',0)
COMMIT
INSERT INTO PASSENGER VALUES(272,6371.0E0,6489.0E0,6518.0E0,0,10,'PASSENGER',0)
COMMIT
INSERT INTO PASSENGER VALUES(273,6404.0E0,6489.0E0,6518.0E0,0,10,'PASSENGER',0)
COMMIT
INSERT INTO PASSENGER VALUES(274,6451.0E0,6489.0E0,6518.0E0,0,10,'PASSENGER',0)
COMMIT
INSERT INTO PASSENGER VALUES(275,6426.0E0,6511.0E0,6518.0E0,0,2,'PASSENGER',1)
COMMIT
INSERT INTO PASSENGER VALUES(276,6442.0E0,6511.0E0,6523.0E0,0,3,'PASSENGER',1)
COMMIT
INSERT INTO PASSENGER VALUES(277,6335.0E0,6416.0E0,6524.0E0,0,34,'PASSENGER',2)
COMMIT
INSERT INTO PASSENGER VALUES(278,6392.0E0,6489.0E0,6526.0E0,0,12,'PASSENGER',0)
COMMIT
INSERT INTO PASSENGER VALUES(279,6433.0E0,6489.0E0,6526.0E0,0,12,'PASSENGER',0)
COMMIT
INSERT INTO PASSENGER VALUES(280,6372.0E0,6452.0E0,6529.0E0,32,0,'PASSENGER',3)
COMMIT
INSERT INTO PASSENGER VALUES(281,6449.0E0,6488.0E0,6529.0E0,17,0,'PASSENGER',3)
COMMIT
INSERT INTO PASSENGER VALUES(282,6306.0E0,6489.0E0,6534.0E0,0,14,'PASSENGER',0)
COMMIT
INSERT INTO PASSENGER VALUES(283,6336.0E0,6489.0E0,6534.0E0,0,14,'PASSENGER',0)
COMMIT
INSERT INTO PASSENGER VALUES(284,6413.0E0,6511.0E0,6535.0E0,0,7,'PASSENGER',1)
COMMIT
INSERT INTO PASSENGER VALUES(285,6417.0E0,6511.0E0,6535.0E0,0,7,'PASSENGER',1)
COMMIT
INSERT INTO PASSENGER VALUES(286,6386.0E0,6474.0E0,6535.0E0,18,38,'PASSENGER',2)
COMMIT
INSERT INTO PASSENGER VALUES(287,6389.0E0,6489.0E0,6541.0E0,0,16,'PASSENGER',0)
COMMIT
INSERT INTO PASSENGER VALUES(288,6311.0E0,6489.0E0,6549.0E0,0,18,'PASSENGER',0)
COMMIT
INSERT INTO PASSENGER VALUES(289,6436.0E0,6489.0E0,6549.0E0,0,18,'PASSENGER',0)
COMMIT
INSERT INTO PASSENGER VALUES(290,6493.0E0,6511.0E0,6550.0E0,0,13,'PASSENGER',1)
COMMIT
INSERT INTO PASSENGER VALUES(291,6489.0E0,6511.0E0,6557.0E0,0,15,'PASSENGER',1)
COMMIT
INSERT INTO PASSENGER VALUES(292,6317.0E0,6511.0E0,6568.0E0,0,19,'PASSENGER',1)
COMMIT
INSERT INTO PASSENGER VALUES(293,6303.0E0,6489.0E0,6572.0E0,0,28,'PASSENGER',0)
COMMIT
INSERT INTO PASSENGER VALUES(294,6428.0E0,6511.0E0,6576.0E0,0,21,'PASSENGER',1)
COMMIT
INSERT INTO PASSENGER VALUES(295,6493.0E0,6511.0E0,6576.0E0,0,21,'PASSENGER',1)
COMMIT
INSERT INTO PASSENGER VALUES(296,6426.0E0,6511.0E0,6583.0E0,0,23,'PASSENGER',1)
COMMIT
INSERT INTO PASSENGER VALUES(297,6405.0E0,6489.0E0,6585.0E0,0,33,'PASSENGER',0)
COMMIT
INSERT INTO PASSENGER VALUES(298,6437.0E0,6537.0E0,6585.0E0,0,22,'PASSENGER',3)
COMMIT
INSERT INTO PASSENGER VALUES(299,6462.0E0,6537.0E0,6585.0E0,0,22,'PASSENGER',3)
COMMIT
INSERT INTO PASSENGER VALUES(300,6452.0E0,6511.0E0,6590.0E0,0,25,'PASSENGER',1)
COMMIT
INSERT INTO PASSENGER VALUES(301,6458.0E0,6537.0E0,6595.0E0,0,24,'PASSENGER',3)
COMMIT
INSERT INTO PASSENGER VALUES(302,6480.0E0,6537.0E0,6595.0E0,0,24,'PASSENGER',3)
COMMIT
INSERT INTO PASSENGER VALUES(303,6505.0E0,6537.0E0,6595.0E0,0,24,'PASSENGER',3)
COMMIT
INSERT INTO PASSENGER VALUES(304,6505.0E0,6537.0E0,6595.0E0,0,24,'PASSENGER',3)
COMMIT
INSERT INTO PASSENGER VALUES(305,6492.0E0,6511.0E0,6597.0E0,0,27,'PASSENGER',1)
COMMIT
INSERT INTO PASSENGER VALUES(306,6447.0E0,6537.0E0,6602.0E0,0,26,'PASSENGER',3)
COMMIT
INSERT INTO PASSENGER VALUES(307,6520.0E0,6586.0E0,6609.0E0,16,6,'PASSENGER',2)
COMMIT
INSERT INTO PASSENGER VALUES(308,6423.0E0,6537.0E0,6611.0E0,0,29,'PASSENGER',3)
COMMIT
INSERT INTO PASSENGER VALUES(309,6459.0E0,6511.0E0,6617.0E0,0,35,'PASSENGER',1)
COMMIT
INSERT INTO PASSENGER VALUES(310,6479.0E0,6511.0E0,6617.0E0,0,35,'PASSENGER',1)
COMMIT
INSERT INTO PASSENGER VALUES(311,6441.0E0,6511.0E0,6629.0E0,0,39,'PASSENGER',1)
COMMIT
INSERT INTO PASSENGER VALUES(312,6343.0E0,6553.0E0,6633.0E0,31,0,'PASSENGER',2)
COMMIT
INSERT INTO PASSENGER VALUES(313,6397.0E0,6553.0E0,6633.0E0,31,0,'PASSENGER',2)
COMMIT
INSERT INTO PASSENGER VALUES(314,6555.0E0,6616.0E0,6633.0E0,4,0,'PASSENGER',2)
COMMIT
INSERT INTO PASSENGER VALUES(315,6527.0E0,6623.0E0,6633.0E0,2,0,'PASSENGER',2)
COMMIT
INSERT INTO PASSENGER VALUES(316,6590.0E0,6620.0E0,6647.0E0,20,8,'PASSENGER',0)
COMMIT
INSERT INTO PASSENGER VALUES(317,6449.0E0,6625.0E0,6648.0E0,34,24,'PASSENGER',3)
COMMIT
INSERT INTO PASSENGER VALUES(318,6497.0E0,6599.0E0,6652.0E0,29,7,'PASSENGER',0)
COMMIT
INSERT INTO PASSENGER VALUES(319,6357.0E0,6625.0E0,6655.0E0,34,22,'PASSENGER',3)
COMMIT
INSERT INTO PASSENGER VALUES(320,6540.0E0,6592.0E0,6669.0E0,31,0,'PASSENGER',0)
COMMIT
INSERT INTO PASSENGER VALUES(321,6405.0E0,6647.0E0,6671.0E0,0,9,'PASSENGER',2)
COMMIT
INSERT INTO PASSENGER VALUES(322,6595.0E0,6643.0E0,6677.0E0,35,21,'PASSENGER',1)
COMMIT
INSERT INTO PASSENGER VALUES(323,6571.0E0,6647.0E0,6677.0E0,0,10,'PASSENGER',2)
COMMIT
INSERT INTO PASSENGER VALUES(324,6495.0E0,6675.0E0,6690.0E0,0,6,'PASSENGER',0)
COMMIT
INSERT INTO PASSENGER VALUES(325,6439.0E0,6638.0E0,6695.0E0,36,15,'PASSENGER',1)
COMMIT
INSERT INTO PASSENGER VALUES(326,6596.0E0,6675.0E0,6697.0E0,0,8,'PASSENGER',0)
COMMIT
INSERT INTO PASSENGER VALUES(327,6576.0E0,6647.0E0,6704.0E0,0,19,'PASSENGER',2)
COMMIT
INSERT INTO PASSENGER VALUES(328,6485.0E0,6675.0E0,6707.0E0,0,11,'PASSENGER',0)
COMMIT
INSERT INTO PASSENGER VALUES(329,6500.0E0,6675.0E0,6707.0E0,0,11,'PASSENGER',0)
COMMIT
INSERT INTO PASSENGER VALUES(330,6542.0E0,6647.0E0,6712.0E0,0,20,'PASSENGER',2)
COMMIT
INSERT INTO PASSENGER VALUES(331,6589.0E0,6647.0E0,6712.0E0,0,20,'PASSENGER',2)
COMMIT
INSERT INTO PASSENGER VALUES(332,6599.0E0,6647.0E0,6712.0E0,0,20,'PASSENGER',2)
COMMIT
INSERT INTO PASSENGER VALUES(333,6563.0E0,6672.0E0,6712.0E0,9,20,'PASSENGER',2)
COMMIT
INSERT INTO PASSENGER VALUES(334,6529.0E0,6682.0E0,6717.0E0,11,21,'PASSENGER',2)
COMMIT
INSERT INTO PASSENGER VALUES(335,6494.0E0,6675.0E0,6720.0E0,0,16,'PASSENGER',0)
COMMIT
INSERT INTO PASSENGER VALUES(336,6529.0E0,6697.0E0,6722.0E0,17,22,'PASSENGER',2)
COMMIT
INSERT INTO PASSENGER VALUES(337,6452.0E0,6656.0E0,6729.0E0,30,0,'PASSENGER',1)
COMMIT
INSERT INTO PASSENGER VALUES(338,6541.0E0,6682.0E0,6729.0E0,20,0,'PASSENGER',1)
COMMIT
INSERT INTO PASSENGER VALUES(339,6541.0E0,6660.0E0,6733.0E0,5,26,'PASSENGER',2)
COMMIT
INSERT INTO PASSENGER VALUES(340,6579.0E0,6647.0E0,6744.0E0,0,30,'PASSENGER',2)
COMMIT
INSERT INTO PASSENGER VALUES(341,6567.0E0,6647.0E0,6749.0E0,0,31,'PASSENGER',2)
COMMIT
INSERT INTO PASSENGER VALUES(342,6502.0E0,6742.0E0,6755.0E0,0,5,'PASSENGER',1)
COMMIT
INSERT INTO PASSENGER VALUES(343,6428.0E0,6647.0E0,6756.0E0,0,32,'PASSENGER',2)
COMMIT
INSERT INTO PASSENGER VALUES(344,6431.0E0,6647.0E0,6756.0E0,0,32,'PASSENGER',2)
COMMIT
INSERT INTO PASSENGER VALUES(345,6431.0E0,6647.0E0,6756.0E0,0,32,'PASSENGER',2)
COMMIT
INSERT INTO PASSENGER VALUES(346,6514.0E0,6675.0E0,6757.0E0,0,33,'PASSENGER',0)
COMMIT
INSERT INTO PASSENGER VALUES(347,6491.0E0,6647.0E0,6763.0E0,0,34,'PASSENGER',2)
COMMIT
INSERT INTO PASSENGER VALUES(348,6500.0E0,6742.0E0,6774.0E0,0,13,'PASSENGER',1)
COMMIT
INSERT INTO PASSENGER VALUES(349,6583.0E0,6647.0E0,6775.0E0,0,38,'PASSENGER',2)
COMMIT
INSERT INTO PASSENGER VALUES(350,6586.0E0,6647.0E0,6775.0E0,0,38,'PASSENGER',2)
COMMIT
INSERT INTO PASSENGER VALUES(351,6518.0E0,6742.0E0,6789.0E0,0,19,'PASSENGER',1)
COMMIT
INSERT INTO PASSENGER VALUES(352,6508.0E0,6742.0E0,6796.0E0,0,21,'PASSENGER',1)
COMMIT
INSERT INTO PASSENGER VALUES(353,6533.0E0,6742.0E0,6807.0E0,0,25,'PASSENGER',1)
COMMIT
INSERT INTO PASSENGER VALUES(354,6498.0E0,6742.0E0,6831.0E0,0,35,'PASSENGER',1)
COMMIT
INSERT INTO PASSENGER VALUES(355,6552.0E0,6742.0E0,6831.0E0,0,35,'PASSENGER',1)
COMMIT
INSERT INTO PASSENGER VALUES(356,6519.0E0,6742.0E0,6836.0E0,0,36,'PASSENGER',1)
COMMIT
INSERT INTO PASSENGER VALUES(357,6516.0E0,6742.0E0,6844.0E0,0,37,'PASSENGER',1)
COMMIT
INSERT INTO PASSENGER VALUES(358,6521.0E0,6742.0E0,6844.0E0,0,37,'PASSENGER',1)
COMMIT
INSERT INTO PASSENGER VALUES(359,6556.0E0,6742.0E0,6844.0E0,0,37,'PASSENGER',1)
COMMIT
INSERT INTO PASSENGER VALUES(360,6587.0E0,6742.0E0,6844.0E0,0,37,'PASSENGER',1)
COMMIT
INSERT INTO PASSENGER VALUES(361,6414.0E0,6768.0E0,6845.0E0,37,0,'PASSENGER',0)
COMMIT
INSERT INTO PASSENGER VALUES(362,6581.0E0,6742.0E0,6851.0E0,0,39,'PASSENGER',1)
COMMIT
INSERT INTO PASSENGER VALUES(363,7223.0E0,7226.0E0,7233.0E0,0,2,'PASSENGER',3)
COMMIT
INSERT INTO PASSENGER VALUES(364,7201.0E0,7204.0E0,7236.0E0,0,13,'PASSENGER',0)
COMMIT
INSERT INTO PASSENGER VALUES(365,7215.0E0,7218.0E0,7239.0E0,0,9,'PASSENGER',2)
COMMIT
INSERT INTO PASSENGER VALUES(366,7200.0E0,7204.0E0,7247.0E0,0,17,'PASSENGER',0)
COMMIT
INSERT INTO PASSENGER VALUES(367,7206.0E0,7209.0E0,7252.0E0,0,20,'PASSENGER',1)
COMMIT
INSERT INTO PASSENGER VALUES(368,7203.0E0,7225.0E0,7272.0E0,9,28,'PASSENGER',0)
COMMIT
INSERT INTO PASSENGER VALUES(369,7214.0E0,7218.0E0,7280.0E0,0,28,'PASSENGER',2)
COMMIT
INSERT INTO PASSENGER VALUES(370,7230.0E0,7259.0E0,7298.0E0,18,0,'PASSENGER',1)
COMMIT
INSERT INTO PASSENGER VALUES(371,7225.0E0,7290.0E0,7314.0E0,29,20,'PASSENGER',3)
COMMIT
INSERT INTO PASSENGER VALUES(372,7221.0E0,7316.0E0,7324.0E0,0,2,'PASSENGER',1)
COMMIT
INSERT INTO PASSENGER VALUES(373,7295.0E0,7316.0E0,7324.0E0,0,2,'PASSENGER',1)
COMMIT
INSERT INTO PASSENGER VALUES(374,7313.0E0,7319.0E0,7328.0E0,10,7,'PASSENGER',2)
COMMIT
INSERT INTO PASSENGER VALUES(375,7220.0E0,7329.0E0,7336.0E0,3,5,'PASSENGER',1)
COMMIT
INSERT INTO PASSENGER VALUES(376,7291.0E0,7303.0E0,7346.0E0,24,7,'PASSENGER',3)
COMMIT
INSERT INTO PASSENGER VALUES(377,7313.0E0,7342.0E0,7347.0E0,0,1,'PASSENGER',0)
COMMIT
INSERT INTO PASSENGER VALUES(378,7253.0E0,7316.0E0,7349.0E0,0,8,'PASSENGER',1)
COMMIT
INSERT INTO PASSENGER VALUES(379,7314.0E0,7342.0E0,7352.0E0,0,2,'PASSENGER',0)
COMMIT
INSERT INTO PASSENGER VALUES(380,7209.0E0,7316.0E0,7354.0E0,0,9,'PASSENGER',1)
COMMIT
INSERT INTO PASSENGER VALUES(381,7323.0E0,7342.0E0,7357.0E0,0,3,'PASSENGER',0)
COMMIT
INSERT INTO PASSENGER VALUES(382,7212.0E0,7316.0E0,7359.0E0,0,10,'PASSENGER',1)
COMMIT
INSERT INTO PASSENGER VALUES(383,7281.0E0,7342.0E0,7363.0E0,0,4,'PASSENGER',0)
COMMIT
INSERT INTO PASSENGER VALUES(384,7291.0E0,7327.0E0,7363.0E0,15,0,'PASSENGER',3)
COMMIT
INSERT INTO PASSENGER VALUES(385,7225.0E0,7316.0E0,7366.0E0,0,12,'PASSENGER',1)
COMMIT
INSERT INTO PASSENGER VALUES(386,7267.0E0,7364.0E0,7369.0E0,4,5,'PASSENGER',0)
COMMIT
INSERT INTO PASSENGER VALUES(387,7221.0E0,7316.0E0,7377.0E0,0,16,'PASSENGER',1)
COMMIT
INSERT INTO PASSENGER VALUES(388,7343.0E0,7373.0E0,7382.0E0,0,3,'PASSENGER',3)
COMMIT
INSERT INTO PASSENGER VALUES(389,7262.0E0,7358.0E0,7388.0E0,3,10,'PASSENGER',0)
COMMIT
INSERT INTO PASSENGER VALUES(390,7261.0E0,7375.0E0,7388.0E0,29,34,'PASSENGER',2)
COMMIT
INSERT INTO PASSENGER VALUES(391,7282.0E0,7342.0E0,7393.0E0,0,11,'PASSENGER',0)
COMMIT
INSERT INTO PASSENGER VALUES(392,7308.0E0,7390.0E0,7395.0E0,21,22,'PASSENGER',1)
COMMIT
INSERT INTO PASSENGER VALUES(393,7297.0E0,7384.0E0,7399.0E0,3,9,'PASSENGER',3)
COMMIT
INSERT INTO PASSENGER VALUES(394,7294.0E0,7342.0E0,7400.0E0,0,13,'PASSENGER',0)
COMMIT
INSERT INTO PASSENGER VALUES(395,7226.0E0,7316.0E0,7404.0E0,0,24,'PASSENGER',1)
COMMIT
INSERT INTO PASSENGER VALUES(396,7269.0E0,7316.0E0,7404.0E0,0,24,'PASSENGER',1)
COMMIT
INSERT INTO PASSENGER VALUES(397,7355.0E0,7389.0E0,7404.0E0,34,28,'PASSENGER',2)
COMMIT
INSERT INTO PASSENGER VALUES(398,7223.0E0,7316.0E0,7409.0E0,0,25,'PASSENGER',1)
COMMIT
INSERT INTO PASSENGER VALUES(399,7257.0E0,7374.0E0,7414.0E0,6,18,'PASSENGER',0)
COMMIT
INSERT INTO PASSENGER VALUES(400,7219.0E0,7316.0E0,7414.0E0,0,26,'PASSENGER',1)
COMMIT
INSERT INTO PASSENGER VALUES(401,7209.0E0,7316.0E0,7421.0E0,0,28,'PASSENGER',1)
COMMIT
INSERT INTO PASSENGER VALUES(402,7231.0E0,7373.0E0,7422.0E0,0,17,'PASSENGER',3)
COMMIT
INSERT INTO PASSENGER VALUES(403,7355.0E0,7373.0E0,7422.0E0,0,17,'PASSENGER',3)
COMMIT
INSERT INTO PASSENGER VALUES(404,7287.0E0,7342.0E0,7423.0E0,0,21,'PASSENGER',0)
COMMIT
INSERT INTO PASSENGER VALUES(405,7272.0E0,7316.0E0,7429.0E0,0,29,'PASSENGER',1)
COMMIT
INSERT INTO PASSENGER VALUES(406,7298.0E0,7316.0E0,7429.0E0,0,29,'PASSENGER',1)
COMMIT
INSERT INTO PASSENGER VALUES(407,7237.0E0,7342.0E0,7429.0E0,6,29,'PASSENGER',1)
COMMIT
INSERT INTO PASSENGER VALUES(408,7292.0E0,7373.0E0,7431.0E0,0,20,'PASSENGER',3)
COMMIT
INSERT INTO PASSENGER VALUES(409,7306.0E0,7342.0E0,7432.0E0,0,24,'PASSENGER',0)
COMMIT
INSERT INTO PASSENGER VALUES(410,7257.0E0,7342.0E0,7441.0E0,0,27,'PASSENGER',0)
COMMIT
INSERT INTO PASSENGER VALUES(411,7243.0E0,7396.0E0,7441.0E0,22,33,'PASSENGER',1)
COMMIT
INSERT INTO PASSENGER VALUES(412,7300.0E0,7384.0E0,7445.0E0,3,25,'PASSENGER',3)
COMMIT
INSERT INTO PASSENGER VALUES(413,7210.0E0,7316.0E0,7452.0E0,0,36,'PASSENGER',1)
COMMIT
INSERT INTO PASSENGER VALUES(414,7231.0E0,7316.0E0,7452.0E0,0,36,'PASSENGER',1)
COMMIT
INSERT INTO PASSENGER VALUES(415,7297.0E0,7337.0E0,7452.0E0,5,36,'PASSENGER',1)
COMMIT
INSERT INTO PASSENGER VALUES(416,7271.0E0,7342.0E0,7455.0E0,0,31,'PASSENGER',0)
COMMIT
INSERT INTO PASSENGER VALUES(417,7227.0E0,7373.0E0,7455.0E0,0,28,'PASSENGER',3)
COMMIT
INSERT INTO PASSENGER VALUES(418,7334.0E0,7373.0E0,7455.0E0,0,28,'PASSENGER',3)
COMMIT
INSERT INTO PASSENGER VALUES(419,7335.0E0,7449.0E0,7460.0E0,10,6,'PASSENGER',2)
COMMIT
INSERT INTO PASSENGER VALUES(420,7226.0E0,7316.0E0,7462.0E0,0,39,'PASSENGER',1)
COMMIT
INSERT INTO PASSENGER VALUES(421,7283.0E0,7316.0E0,7462.0E0,0,39,'PASSENGER',1)
COMMIT
INSERT INTO PASSENGER VALUES(422,7315.0E0,7379.0E0,7463.0E0,7,33,'PASSENGER',0)
COMMIT
INSERT INTO PASSENGER VALUES(423,7261.0E0,7342.0E0,7468.0E0,0,34,'PASSENGER',0)
COMMIT
INSERT INTO PASSENGER VALUES(424,7347.0E0,7373.0E0,7468.0E0,0,32,'PASSENGER',3)
COMMIT
INSERT INTO PASSENGER VALUES(425,7350.0E0,7373.0E0,7468.0E0,0,32,'PASSENGER',3)
COMMIT
INSERT INTO PASSENGER VALUES(426,7344.0E0,7404.0E0,7468.0E0,10,32,'PASSENGER',3)
COMMIT
INSERT INTO PASSENGER VALUES(427,7252.0E0,7342.0E0,7473.0E0,0,35,'PASSENGER',0)
COMMIT
INSERT INTO PASSENGER VALUES(428,7368.0E0,7415.0E0,7476.0E0,24,0,'PASSENGER',2)
COMMIT
INSERT INTO PASSENGER VALUES(429,7351.0E0,7436.0E0,7476.0E0,15,0,'PASSENGER',2)
COMMIT
INSERT INTO PASSENGER VALUES(430,7272.0E0,7401.0E0,7480.0E0,13,37,'PASSENGER',0)
COMMIT
INSERT INTO PASSENGER VALUES(431,7310.0E0,7473.0E0,7480.0E0,33,35,'PASSENGER',3)
COMMIT
INSERT INTO PASSENGER VALUES(432,7295.0E0,7446.0E0,7486.0E0,28,38,'PASSENGER',0)
COMMIT
INSERT INTO PASSENGER VALUES(433,7229.0E0,7373.0E0,7486.0E0,0,36,'PASSENGER',3)
COMMIT
INSERT INTO PASSENGER VALUES(434,7341.0E0,7373.0E0,7486.0E0,0,36,'PASSENGER',3)
COMMIT
INSERT INTO PASSENGER VALUES(435,7299.0E0,7498.0E0,7514.0E0,29,24,'PASSENGER',1)
COMMIT
INSERT INTO PASSENGER VALUES(436,7273.0E0,7509.0E0,7522.0E0,0,3,'PASSENGER',2)
COMMIT
INSERT INTO PASSENGER VALUES(437,7343.0E0,7509.0E0,7522.0E0,0,3,'PASSENGER',2)
COMMIT
INSERT INTO PASSENGER VALUES(438,7299.0E0,7507.0E0,7523.0E0,27,22,'PASSENGER',3)
COMMIT
INSERT INTO PASSENGER VALUES(439,7221.0E0,7487.0E0,7528.0E0,31,19,'PASSENGER',1)
COMMIT
INSERT INTO PASSENGER VALUES(440,7252.0E0,7503.0E0,7528.0E0,28,19,'PASSENGER',1)
COMMIT
INSERT INTO PASSENGER VALUES(441,7345.0E0,7509.0E0,7528.0E0,0,4,'PASSENGER',2)
COMMIT
INSERT INTO PASSENGER VALUES(442,7311.0E0,7507.0E0,7533.0E0,32,22,'PASSENGER',0)
COMMIT
INSERT INTO PASSENGER VALUES(443,7426.0E0,7509.0E0,7533.0E0,0,5,'PASSENGER',2)
COMMIT
INSERT INTO PASSENGER VALUES(444,7400.0E0,7509.0E0,7538.0E0,0,6,'PASSENGER',2)
COMMIT
INSERT INTO PASSENGER VALUES(445,7281.0E0,7469.0E0,7541.0E0,37,14,'PASSENGER',1)
COMMIT
INSERT INTO PASSENGER VALUES(446,7278.0E0,7509.0E0,7546.0E0,0,8,'PASSENGER',2)
COMMIT
INSERT INTO PASSENGER VALUES(447,7322.0E0,7493.0E0,7547.0E0,37,17,'PASSENGER',0)
COMMIT
INSERT INTO PASSENGER VALUES(448,7248.0E0,7507.0E0,7547.0E0,32,17,'PASSENGER',0)
COMMIT
INSERT INTO PASSENGER VALUES(449,7310.0E0,7493.0E0,7551.0E0,30,11,'PASSENGER',1)
COMMIT
INSERT INTO PASSENGER VALUES(450,7449.0E0,7509.0E0,7556.0E0,0,10,'PASSENGER',2)
COMMIT
INSERT INTO PASSENGER VALUES(451,7233.0E0,7493.0E0,7560.0E0,30,8,'PASSENGER',1)
COMMIT
INSERT INTO PASSENGER VALUES(452,7348.0E0,7509.0E0,7561.0E0,0,11,'PASSENGER',2)
COMMIT
INSERT INTO PASSENGER VALUES(453,7332.0E0,7512.0E0,7566.0E0,31,11,'PASSENGER',0)
COMMIT
INSERT INTO PASSENGER VALUES(454,7246.0E0,7509.0E0,7570.0E0,0,13,'PASSENGER',2)
COMMIT
INSERT INTO PASSENGER VALUES(455,7350.0E0,7509.0E0,7570.0E0,0,13,'PASSENGER',2)
COMMIT
INSERT INTO PASSENGER VALUES(456,7428.0E0,7509.0E0,7570.0E0,0,13,'PASSENGER',2)
COMMIT
INSERT INTO PASSENGER VALUES(457,7372.0E0,7518.0E0,7574.0E0,23,0,'PASSENGER',3)
COMMIT
INSERT INTO PASSENGER VALUES(458,7349.0E0,7530.0E0,7574.0E0,20,0,'PASSENGER',3)
COMMIT
INSERT INTO PASSENGER VALUES(459,7243.0E0,7509.0E0,7576.0E0,0,14,'PASSENGER',2)
COMMIT
INSERT INTO PASSENGER VALUES(460,7301.0E0,7476.0E0,7580.0E0,35,0,'PASSENGER',1)
COMMIT
INSERT INTO PASSENGER VALUES(461,7376.0E0,7542.0E0,7580.0E0,14,0,'PASSENGER',1)
COMMIT
INSERT INTO PASSENGER VALUES(462,7314.0E0,7488.0E0,7583.0E0,38,4,'PASSENGER',0)
COMMIT
INSERT INTO PASSENGER VALUES(463,7403.0E0,7509.0E0,7583.0E0,0,15,'PASSENGER',2)
COMMIT
INSERT INTO PASSENGER VALUES(464,7468.0E0,7509.0E0,7583.0E0,0,15,'PASSENGER',2)
COMMIT
INSERT INTO PASSENGER VALUES(465,7345.0E0,7509.0E0,7594.0E0,0,18,'PASSENGER',2)
COMMIT
INSERT INTO PASSENGER VALUES(466,7439.0E0,7509.0E0,7594.0E0,0,18,'PASSENGER',2)
COMMIT
INSERT INTO PASSENGER VALUES(467,7391.0E0,7551.0E0,7594.0E0,9,18,'PASSENGER',2)
COMMIT
INSERT INTO PASSENGER VALUES(468,7404.0E0,7488.0E0,7600.0E0,38,0,'PASSENGER',0)
COMMIT
INSERT INTO PASSENGER VALUES(469,7488.0E0,7548.0E0,7600.0E0,17,0,'PASSENGER',0)
COMMIT
INSERT INTO PASSENGER VALUES(470,7380.0E0,7561.0E0,7600.0E0,12,0,'PASSENGER',0)
COMMIT
INSERT INTO PASSENGER VALUES(471,7407.0E0,7592.0E0,7600.0E0,1,0,'PASSENGER',0)
COMMIT
INSERT INTO PASSENGER VALUES(472,7326.0E0,7509.0E0,7602.0E0,0,19,'PASSENGER',2)
COMMIT
INSERT INTO PASSENGER VALUES(473,7351.0E0,7509.0E0,7602.0E0,0,19,'PASSENGER',2)
COMMIT
INSERT INTO PASSENGER VALUES(474,7445.0E0,7509.0E0,7602.0E0,0,19,'PASSENGER',2)
COMMIT
INSERT INTO PASSENGER VALUES(475,7470.0E0,7509.0E0,7602.0E0,0,19,'PASSENGER',2)
COMMIT
INSERT INTO PASSENGER VALUES(476,7375.0E0,7603.0E0,7608.0E0,0,1,'PASSENGER',0)
COMMIT
INSERT INTO PASSENGER VALUES(477,7472.0E0,7509.0E0,7608.0E0,0,20,'PASSENGER',2)
COMMIT
INSERT INTO PASSENGER VALUES(478,7273.0E0,7509.0E0,7614.0E0,0,21,'PASSENGER',2)
COMMIT
INSERT INTO PASSENGER VALUES(479,7316.0E0,7590.0E0,7615.0E0,0,11,'PASSENGER',1)
COMMIT
INSERT INTO PASSENGER VALUES(480,7414.0E0,7516.0E0,7619.0E0,2,22,'PASSENGER',2)
COMMIT
INSERT INTO PASSENGER VALUES(481,7333.0E0,7509.0E0,7626.0E0,0,24,'PASSENGER',2)
COMMIT
INSERT INTO PASSENGER VALUES(482,7371.0E0,7577.0E0,7626.0E0,0,23,'PASSENGER',3)
COMMIT
INSERT INTO PASSENGER VALUES(483,7360.0E0,7590.0E0,7633.0E0,0,16,'PASSENGER',1)
COMMIT
INSERT INTO PASSENGER VALUES(484,7382.0E0,7590.0E0,7633.0E0,0,16,'PASSENGER',1)
COMMIT
INSERT INTO PASSENGER VALUES(485,7462.0E0,7590.0E0,7633.0E0,0,16,'PASSENGER',1)
COMMIT
INSERT INTO PASSENGER VALUES(486,7382.0E0,7577.0E0,7633.0E0,0,25,'PASSENGER',3)
COMMIT
INSERT INTO PASSENGER VALUES(487,7391.0E0,7603.0E0,7637.0E0,19,28,'PASSENGER',2)
COMMIT
INSERT INTO PASSENGER VALUES(488,7465.0E0,7509.0E0,7642.0E0,0,29,'PASSENGER',2)
COMMIT
INSERT INTO PASSENGER VALUES(489,7273.0E0,7509.0E0,7647.0E0,0,30,'PASSENGER',2)
COMMIT
INSERT INTO PASSENGER VALUES(490,7384.0E0,7590.0E0,7652.0E0,0,24,'PASSENGER',1)
COMMIT
INSERT INTO PASSENGER VALUES(491,7330.0E0,7509.0E0,7654.0E0,0,31,'PASSENGER',2)
COMMIT
INSERT INTO PASSENGER VALUES(492,7428.0E0,7509.0E0,7654.0E0,0,31,'PASSENGER',2)
COMMIT
INSERT INTO PASSENGER VALUES(493,7444.0E0,7509.0E0,7654.0E0,0,31,'PASSENGER',2)
COMMIT
INSERT INTO PASSENGER VALUES(494,7372.0E0,7577.0E0,7658.0E0,0,36,'PASSENGER',3)
COMMIT
INSERT INTO PASSENGER VALUES(495,7397.0E0,7590.0E0,7659.0E0,0,26,'PASSENGER',1)
COMMIT
INSERT INTO PASSENGER VALUES(496,7344.0E0,7509.0E0,7659.0E0,0,32,'PASSENGER',2)
COMMIT
INSERT INTO PASSENGER VALUES(497,7363.0E0,7509.0E0,7664.0E0,0,33,'PASSENGER',2)
COMMIT
INSERT INTO PASSENGER VALUES(498,7289.0E0,7509.0E0,7671.0E0,0,35,'PASSENGER',2)
COMMIT
INSERT INTO PASSENGER VALUES(499,7387.0E0,7603.0E0,7678.0E0,0,34,'PASSENGER',0)
COMMIT
INSERT INTO PASSENGER VALUES(500,7482.0E0,7603.0E0,7678.0E0,0,34,'PASSENGER',0)
COMMIT
INSERT INTO PASSENGER VALUES(501,7313.0E0,7590.0E0,7678.0E0,0,33,'PASSENGER',1)
COMMIT
INSERT INTO PASSENGER VALUES(502,7382.0E0,7590.0E0,7678.0E0,0,33,'PASSENGER',1)
COMMIT
INSERT INTO PASSENGER VALUES(503,7458.0E0,7590.0E0,7678.0E0,0,33,'PASSENGER',1)
COMMIT
INSERT INTO PASSENGER VALUES(504,7341.0E0,7509.0E0,7678.0E0,0,37,'PASSENGER',2)
COMMIT
INSERT INTO PASSENGER VALUES(505,7412.0E0,7622.0E0,7683.0E0,13,34,'PASSENGER',1)
COMMIT
INSERT INTO PASSENGER VALUES(506,7358.0E0,7509.0E0,7685.0E0,0,38,'PASSENGER',2)
COMMIT
INSERT INTO PASSENGER VALUES(507,7483.0E0,7523.0E0,7685.0E0,3,38,'PASSENGER',2)
COMMIT
INSERT INTO PASSENGER VALUES(508,7422.0E0,7590.0E0,7696.0E0,0,39,'PASSENGER',1)
COMMIT
INSERT INTO PASSENGER VALUES(509,7423.0E0,7718.0E0,7738.0E0,25,18,'PASSENGER',2)
COMMIT
INSERT INTO PASSENGER VALUES(510,7461.0E0,7749.0E0,7778.0E0,14,4,'PASSENGER',2)
COMMIT
INSERT INTO PASSENGER VALUES(511,7430.0E0,7718.0E0,7791.0E0,25,1,'PASSENGER',2)
COMMIT
INSERT INTO PASSENGER VALUES(512,7440.0E0,7690.0E0,7801.0E0,37,0,'PASSENGER',2)
COMMIT
INSERT INTO PASSENGER VALUES(513,7465.0E0,7731.0E0,7801.0E0,20,0,'PASSENGER',2)
COMMIT
INSERT INTO PASSENGER VALUES(514,7461.0E0,7754.0E0,7801.0E0,13,0,'PASSENGER',2)
COMMIT
INSERT INTO PASSENGER VALUES(515,7470.0E0,7771.0E0,7801.0E0,6,0,'PASSENGER',2)
COMMIT
INSERT INTO PASSENGER VALUES(516,7471.0E0,7786.0E0,7801.0E0,2,0,'PASSENGER',2)
COMMIT
INSERT INTO PASSENGER VALUES(517,7496.0E0,7786.0E0,7801.0E0,2,0,'PASSENGER',2)
COMMIT
INSERT INTO PASSENGER VALUES(518,7488.0E0,7808.0E0,7817.0E0,0,3,'PASSENGER',2)
COMMIT
INSERT INTO PASSENGER VALUES(519,7496.0E0,7808.0E0,7826.0E0,0,6,'PASSENGER',2)
COMMIT
INSERT INTO PASSENGER VALUES(520,7499.0E0,7808.0E0,7835.0E0,0,9,'PASSENGER',2)
COMMIT
INSERT INTO PASSENGER VALUES(521,7480.0E0,7808.0E0,7874.0E0,0,27,'PASSENGER',2)
COMMIT
INSERT INTO PASSENGER VALUES(522,7477.0E0,7808.0E0,7880.0E0,0,28,'PASSENGER',2)
COMMIT
INSERT INTO PASSENGER VALUES(523,7494.0E0,7808.0E0,7880.0E0,0,28,'PASSENGER',2)
COMMIT
INSERT INTO PASSENGER VALUES(524,7482.0E0,7808.0E0,7891.0E0,0,32,'PASSENGER',2)
COMMIT
INSERT INTO PASSENGER VALUES(525,8102.0E0,8105.0E0,8120.0E0,0,6,'PASSENGER',0)
COMMIT
INSERT INTO PASSENGER VALUES(526,8104.0E0,8116.0E0,8121.0E0,5,6,'PASSENGER',1)
COMMIT
INSERT INTO PASSENGER VALUES(527,8120.0E0,8122.0E0,8131.0E0,0,3,'PASSENGER',3)
COMMIT
INSERT INTO PASSENGER VALUES(528,8118.0E0,8122.0E0,8138.0E0,0,5,'PASSENGER',3)
COMMIT
INSERT INTO PASSENGER VALUES(529,8139.0E0,8161.0E0,8182.0E0,0,9,'PASSENGER',3)
COMMIT
INSERT INTO PASSENGER VALUES(530,8122.0E0,8152.0E0,8185.0E0,19,34,'PASSENGER',0)
COMMIT
INSERT INTO PASSENGER VALUES(531,8137.0E0,8161.0E0,8193.0E0,0,13,'PASSENGER',3)
COMMIT
INSERT INTO PASSENGER VALUES(532,8136.0E0,8139.0E0,8198.0E0,14,39,'PASSENGER',0)
COMMIT
INSERT INTO PASSENGER VALUES(533,8132.0E0,8161.0E0,8198.0E0,0,14,'PASSENGER',3)
COMMIT
INSERT INTO PASSENGER VALUES(534,8123.0E0,8161.0E0,8207.0E0,0,17,'PASSENGER',3)
COMMIT
INSERT INTO PASSENGER VALUES(535,8144.0E0,8161.0E0,8212.0E0,0,18,'PASSENGER',3)
COMMIT
INSERT INTO PASSENGER VALUES(536,8132.0E0,8161.0E0,8218.0E0,0,19,'PASSENGER',3)
COMMIT
INSERT INTO PASSENGER VALUES(537,8150.0E0,8161.0E0,8218.0E0,0,19,'PASSENGER',3)
COMMIT
INSERT INTO PASSENGER VALUES(538,8122.0E0,8218.0E0,8223.0E0,32,31,'PASSENGER',0)
COMMIT
INSERT INTO PASSENGER VALUES(539,8166.0E0,8205.0E0,8232.0E0,35,25,'PASSENGER',1)
COMMIT
INSERT INTO PASSENGER VALUES(540,8159.0E0,8210.0E0,8232.0E0,34,25,'PASSENGER',1)
COMMIT
INSERT INTO PASSENGER VALUES(541,8141.0E0,8161.0E0,8236.0E0,0,26,'PASSENGER',3)
COMMIT
INSERT INTO PASSENGER VALUES(542,8144.0E0,8161.0E0,8242.0E0,0,27,'PASSENGER',3)
COMMIT
INSERT INTO PASSENGER VALUES(543,8116.0E0,8180.0E0,8249.0E0,31,0,'PASSENGER',2)
COMMIT
INSERT INTO PASSENGER VALUES(544,8169.0E0,8189.0E0,8249.0E0,28,0,'PASSENGER',2)
COMMIT
INSERT INTO PASSENGER VALUES(545,8142.0E0,8230.0E0,8250.0E0,29,22,'PASSENGER',0)
COMMIT
INSERT INTO PASSENGER VALUES(546,8127.0E0,8161.0E0,8251.0E0,0,30,'PASSENGER',3)
COMMIT
INSERT INTO PASSENGER VALUES(547,8135.0E0,8161.0E0,8266.0E0,0,36,'PASSENGER',3)
COMMIT
INSERT INTO PASSENGER VALUES(548,8129.0E0,8264.0E0,8269.0E0,11,10,'PASSENGER',1)
COMMIT
INSERT INTO PASSENGER VALUES(549,8116.0E0,8254.0E0,8271.0E0,0,7,'PASSENGER',2)
COMMIT
INSERT INTO PASSENGER VALUES(550,8169.0E0,8198.0E0,8282.0E0,37,7,'PASSENGER',1)
COMMIT
INSERT INTO PASSENGER VALUES(551,8155.0E0,8254.0E0,8285.0E0,0,12,'PASSENGER',2)
COMMIT
INSERT INTO PASSENGER VALUES(552,8216.0E0,8254.0E0,8285.0E0,0,12,'PASSENGER',2)
COMMIT
INSERT INTO PASSENGER VALUES(553,8198.0E0,8257.0E0,8286.0E0,20,7,'PASSENGER',0)
COMMIT
INSERT INTO PASSENGER VALUES(554,8109.0E0,8213.0E0,8304.0E0,33,0,'PASSENGER',0)
COMMIT
INSERT INTO PASSENGER VALUES(555,8124.0E0,8241.0E0,8304.0E0,25,0,'PASSENGER',0)
COMMIT
INSERT INTO PASSENGER VALUES(556,8114.0E0,8190.0E0,8311.0E0,39,0,'PASSENGER',1)
COMMIT
INSERT INTO PASSENGER VALUES(557,8191.0E0,8198.0E0,8311.0E0,37,0,'PASSENGER',1)
COMMIT
INSERT INTO PASSENGER VALUES(558,8185.0E0,8233.0E0,8311.0E0,25,0,'PASSENGER',1)
COMMIT
INSERT INTO PASSENGER VALUES(559,8146.0E0,8270.0E0,8311.0E0,10,0,'PASSENGER',1)
COMMIT
INSERT INTO PASSENGER VALUES(560,8222.0E0,8277.0E0,8311.0E0,8,0,'PASSENGER',1)
COMMIT
INSERT INTO PASSENGER VALUES(561,8238.0E0,8291.0E0,8311.0E0,4,0,'PASSENGER',1)
COMMIT
INSERT INTO PASSENGER VALUES(562,8280.0E0,8296.0E0,8311.0E0,3,0,'PASSENGER',1)
COMMIT
INSERT INTO PASSENGER VALUES(563,8270.0E0,8274.0E0,8333.0E0,34,12,'PASSENGER',3)
COMMIT
INSERT INTO PASSENGER VALUES(564,8109.0E0,8312.0E0,8338.0E0,0,10,'PASSENGER',0)
COMMIT
INSERT INTO PASSENGER VALUES(565,8164.0E0,8254.0E0,8338.0E0,0,35,'PASSENGER',2)
COMMIT
INSERT INTO PASSENGER VALUES(566,8177.0E0,8254.0E0,8338.0E0,0,35,'PASSENGER',2)
COMMIT
INSERT INTO PASSENGER VALUES(567,8180.0E0,8312.0E0,8347.0E0,24,38,'PASSENGER',2)
COMMIT
INSERT INTO PASSENGER VALUES(568,8267.0E0,8279.0E0,8353.0E0,33,5,'PASSENGER',3)
COMMIT
INSERT INTO PASSENGER VALUES(569,8282.0E0,8347.0E0,8354.0E0,0,2,'PASSENGER',1)
COMMIT
INSERT INTO PASSENGER VALUES(570,8246.0E0,8346.0E0,8358.0E0,7,4,'PASSENGER',3)
COMMIT
INSERT INTO PASSENGER VALUES(571,8267.0E0,8347.0E0,8361.0E0,0,3,'PASSENGER',1)
COMMIT
INSERT INTO PASSENGER VALUES(572,8295.0E0,8347.0E0,8361.0E0,0,3,'PASSENGER',1)
COMMIT
INSERT INTO PASSENGER VALUES(573,8297.0E0,8347.0E0,8361.0E0,0,3,'PASSENGER',1)
COMMIT
INSERT INTO PASSENGER VALUES(574,8234.0E0,8312.0E0,8364.0E0,0,17,'PASSENGER',0)
COMMIT
INSERT INTO PASSENGER VALUES(575,8263.0E0,8312.0E0,8364.0E0,0,17,'PASSENGER',0)
COMMIT
INSERT INTO PASSENGER VALUES(576,8218.0E0,8345.0E0,8364.0E0,12,17,'PASSENGER',0)
COMMIT
INSERT INTO PASSENGER VALUES(577,8145.0E0,8301.0E0,8367.0E0,25,1,'PASSENGER',3)
COMMIT
INSERT INTO PASSENGER VALUES(578,8213.0E0,8351.0E0,8369.0E0,13,18,'PASSENGER',0)
COMMIT
INSERT INTO PASSENGER VALUES(579,8207.0E0,8347.0E0,8373.0E0,0,6,'PASSENGER',1)
COMMIT
INSERT INTO PASSENGER VALUES(580,8277.0E0,8347.0E0,8373.0E0,0,6,'PASSENGER',1)
COMMIT
INSERT INTO PASSENGER VALUES(581,8293.0E0,8347.0E0,8373.0E0,0,6,'PASSENGER',1)
COMMIT
INSERT INTO PASSENGER VALUES(582,8160.0E0,8267.0E0,8376.0E0,36,0,'PASSENGER',3)
COMMIT
INSERT INTO PASSENGER VALUES(583,8144.0E0,8296.0E0,8376.0E0,26,0,'PASSENGER',3)
COMMIT
INSERT INTO PASSENGER VALUES(584,8159.0E0,8316.0E0,8376.0E0,19,0,'PASSENGER',3)
COMMIT
INSERT INTO PASSENGER VALUES(585,8279.0E0,8368.0E0,8376.0E0,1,0,'PASSENGER',3)
COMMIT
INSERT INTO PASSENGER VALUES(586,8282.0E0,8347.0E0,8378.0E0,0,7,'PASSENGER',1)
COMMIT
INSERT INTO PASSENGER VALUES(587,8138.0E0,8351.0E0,8382.0E0,13,23,'PASSENGER',0)
COMMIT
INSERT INTO PASSENGER VALUES(588,8108.0E0,8312.0E0,8389.0E0,0,25,'PASSENGER',0)
COMMIT
INSERT INTO PASSENGER VALUES(589,8215.0E0,8347.0E0,8397.0E0,0,13,'PASSENGER',1)
COMMIT
INSERT INTO PASSENGER VALUES(590,8253.0E0,8347.0E0,8397.0E0,0,13,'PASSENGER',1)
COMMIT
INSERT INTO PASSENGER VALUES(591,8217.0E0,8390.0E0,8397.0E0,0,1,'PASSENGER',3)
COMMIT
INSERT INTO PASSENGER VALUES(592,8322.0E0,8390.0E0,8397.0E0,0,1,'PASSENGER',3)
COMMIT
INSERT INTO PASSENGER VALUES(593,8365.0E0,8390.0E0,8397.0E0,0,1,'PASSENGER',3)
COMMIT
INSERT INTO PASSENGER VALUES(594,8203.0E0,8327.0E0,8400.0E0,6,29,'PASSENGER',0)
COMMIT
INSERT INTO PASSENGER VALUES(595,8319.0E0,8398.0E0,8403.0E0,20,19,'PASSENGER',2)
COMMIT
INSERT INTO PASSENGER VALUES(596,8209.0E0,8347.0E0,8407.0E0,0,14,'PASSENGER',1)
COMMIT
INSERT INTO PASSENGER VALUES(597,8236.0E0,8347.0E0,8407.0E0,0,14,'PASSENGER',1)
COMMIT
INSERT INTO PASSENGER VALUES(598,8250.0E0,8347.0E0,8407.0E0,0,14,'PASSENGER',1)
COMMIT
INSERT INTO PASSENGER VALUES(599,8282.0E0,8347.0E0,8407.0E0,0,14,'PASSENGER',1)
COMMIT
INSERT INTO PASSENGER VALUES(600,8292.0E0,8347.0E0,8407.0E0,0,14,'PASSENGER',1)
COMMIT
INSERT INTO PASSENGER VALUES(601,8295.0E0,8347.0E0,8407.0E0,0,14,'PASSENGER',1)
COMMIT
INSERT INTO PASSENGER VALUES(602,8307.0E0,8391.0E0,8408.0E0,22,18,'PASSENGER',2)
COMMIT
INSERT INTO PASSENGER VALUES(603,8155.0E0,8312.0E0,8414.0E0,0,34,'PASSENGER',0)
COMMIT
INSERT INTO PASSENGER VALUES(604,8196.0E0,8312.0E0,8414.0E0,0,34,'PASSENGER',0)
COMMIT
INSERT INTO PASSENGER VALUES(605,8223.0E0,8347.0E0,8414.0E0,0,16,'PASSENGER',1)
COMMIT
INSERT INTO PASSENGER VALUES(606,8322.0E0,8385.0E0,8423.0E0,9,19,'PASSENGER',1)
COMMIT
INSERT INTO PASSENGER VALUES(607,8162.0E0,8312.0E0,8428.0E0,0,39,'PASSENGER',0)
COMMIT
INSERT INTO PASSENGER VALUES(608,8217.0E0,8312.0E0,8428.0E0,0,39,'PASSENGER',0)
COMMIT
INSERT INTO PASSENGER VALUES(609,8219.0E0,8347.0E0,8429.0E0,0,20,'PASSENGER',1)
COMMIT
INSERT INTO PASSENGER VALUES(610,8247.0E0,8347.0E0,8429.0E0,0,20,'PASSENGER',1)
COMMIT
INSERT INTO PASSENGER VALUES(611,8262.0E0,8410.0E0,8434.0E0,6,15,'PASSENGER',3)
COMMIT
INSERT INTO PASSENGER VALUES(612,8208.0E0,8347.0E0,8435.0E0,0,21,'PASSENGER',1)
COMMIT
INSERT INTO PASSENGER VALUES(613,8280.0E0,8347.0E0,8442.0E0,0,22,'PASSENGER',1)
COMMIT
INSERT INTO PASSENGER VALUES(614,8293.0E0,8347.0E0,8442.0E0,0,22,'PASSENGER',1)
COMMIT
INSERT INTO PASSENGER VALUES(615,8363.0E0,8439.0E0,8444.0E0,4,3,'PASSENGER',2)
COMMIT
INSERT INTO PASSENGER VALUES(616,8154.0E0,8390.0E0,8446.0E0,0,18,'PASSENGER',3)
COMMIT
INSERT INTO PASSENGER VALUES(617,8159.0E0,8390.0E0,8446.0E0,0,18,'PASSENGER',3)
COMMIT
INSERT INTO PASSENGER VALUES(618,8241.0E0,8390.0E0,8446.0E0,0,18,'PASSENGER',3)
COMMIT
INSERT INTO PASSENGER VALUES(619,8334.0E0,8390.0E0,8446.0E0,0,18,'PASSENGER',3)
COMMIT
INSERT INTO PASSENGER VALUES(620,8290.0E0,8380.0E0,8449.0E0,26,2,'PASSENGER',2)
COMMIT
INSERT INTO PASSENGER VALUES(621,8304.0E0,8347.0E0,8453.0E0,0,26,'PASSENGER',1)
COMMIT
INSERT INTO PASSENGER VALUES(622,8355.0E0,8358.0E0,8457.0E0,34,0,'PASSENGER',2)
COMMIT
INSERT INTO PASSENGER VALUES(623,8351.0E0,8373.0E0,8457.0E0,28,0,'PASSENGER',2)
COMMIT
INSERT INTO PASSENGER VALUES(624,8284.0E0,8347.0E0,8459.0E0,0,27,'PASSENGER',1)
COMMIT
INSERT INTO PASSENGER VALUES(625,8285.0E0,8451.0E0,8464.0E0,32,27,'PASSENGER',0)
COMMIT
INSERT INTO PASSENGER VALUES(626,8214.0E0,8347.0E0,8465.0E0,0,28,'PASSENGER',1)
COMMIT
INSERT INTO PASSENGER VALUES(627,8239.0E0,8435.0E0,8469.0E0,37,26,'PASSENGER',0)
COMMIT
INSERT INTO PASSENGER VALUES(628,8111.0E0,8347.0E0,8471.0E0,0,29,'PASSENGER',1)
COMMIT
INSERT INTO PASSENGER VALUES(629,8241.0E0,8347.0E0,8471.0E0,0,29,'PASSENGER',1)
COMMIT
INSERT INTO PASSENGER VALUES(630,8347.0E0,8467.0E0,8474.0E0,0,2,'PASSENGER',2)
COMMIT
INSERT INTO PASSENGER VALUES(631,8171.0E0,8390.0E0,8476.0E0,0,30,'PASSENGER',3)
COMMIT
INSERT INTO PASSENGER VALUES(632,8180.0E0,8390.0E0,8476.0E0,0,30,'PASSENGER',3)
COMMIT
INSERT INTO PASSENGER VALUES(633,8353.0E0,8390.0E0,8476.0E0,0,30,'PASSENGER',3)
COMMIT
INSERT INTO PASSENGER VALUES(634,8355.0E0,8390.0E0,8476.0E0,0,30,'PASSENGER',3)
COMMIT
INSERT INTO PASSENGER VALUES(635,8242.0E0,8347.0E0,8479.0E0,0,31,'PASSENGER',1)
COMMIT
INSERT INTO PASSENGER VALUES(636,8319.0E0,8362.0E0,8479.0E0,3,31,'PASSENGER',1)
COMMIT
INSERT INTO PASSENGER VALUES(637,8325.0E0,8467.0E0,8480.0E0,0,3,'PASSENGER',2)
COMMIT
INSERT INTO PASSENGER VALUES(638,8396.0E0,8467.0E0,8480.0E0,0,3,'PASSENGER',2)
COMMIT
INSERT INTO PASSENGER VALUES(639,8266.0E0,8427.0E0,8483.0E0,13,32,'PASSENGER',3)
COMMIT
INSERT INTO PASSENGER VALUES(640,8308.0E0,8446.0E0,8488.0E0,33,18,'PASSENGER',0)
COMMIT
INSERT INTO PASSENGER VALUES(641,8260.0E0,8347.0E0,8492.0E0,0,35,'PASSENGER',1)
COMMIT
INSERT INTO PASSENGER VALUES(642,8265.0E0,8347.0E0,8492.0E0,0,35,'PASSENGER',1)
COMMIT
INSERT INTO PASSENGER VALUES(643,8153.0E0,8390.0E0,8497.0E0,0,36,'PASSENGER',3)
COMMIT
INSERT INTO PASSENGER VALUES(644,8264.0E0,8390.0E0,8497.0E0,0,36,'PASSENGER',3)
COMMIT
INSERT INTO PASSENGER VALUES(645,8290.0E0,8390.0E0,8497.0E0,0,36,'PASSENGER',3)
COMMIT
INSERT INTO PASSENGER VALUES(646,8210.0E0,8347.0E0,8499.0E0,0,37,'PASSENGER',1)
COMMIT
INSERT INTO PASSENGER VALUES(647,8350.0E0,8467.0E0,8501.0E0,0,9,'PASSENGER',2)
COMMIT
INSERT INTO PASSENGER VALUES(648,8368.0E0,8467.0E0,8507.0E0,0,10,'PASSENGER',2)
COMMIT
INSERT INTO PASSENGER VALUES(649,8354.0E0,8494.0E0,8507.0E0,7,10,'PASSENGER',2)
COMMIT
INSERT INTO PASSENGER VALUES(650,8111.0E0,8347.0E0,8511.0E0,0,38,'PASSENGER',1)
COMMIT
INSERT INTO PASSENGER VALUES(651,8172.0E0,8347.0E0,8511.0E0,0,38,'PASSENGER',1)
COMMIT
INSERT INTO PASSENGER VALUES(652,8181.0E0,8347.0E0,8511.0E0,0,38,'PASSENGER',1)
COMMIT
INSERT INTO PASSENGER VALUES(653,8194.0E0,8347.0E0,8511.0E0,0,38,'PASSENGER',1)
COMMIT
INSERT INTO PASSENGER VALUES(654,8227.0E0,8347.0E0,8511.0E0,0,38,'PASSENGER',1)
COMMIT
INSERT INTO PASSENGER VALUES(655,8364.0E0,8430.0E0,8511.0E0,20,38,'PASSENGER',1)
COMMIT
INSERT INTO PASSENGER VALUES(656,8236.0E0,8436.0E0,8511.0E0,21,38,'PASSENGER',1)
COMMIT
INSERT INTO PASSENGER VALUES(657,8325.0E0,8467.0E0,8524.0E0,0,17,'PASSENGER',2)
COMMIT
INSERT INTO PASSENGER VALUES(658,8368.0E0,8513.0E0,8531.0E0,38,32,'PASSENGER',1)
COMMIT
INSERT INTO PASSENGER VALUES(659,8354.0E0,8467.0E0,8543.0E0,0,25,'PASSENGER',2)
COMMIT
INSERT INTO PASSENGER VALUES(660,8342.0E0,8467.0E0,8550.0E0,0,27,'PASSENGER',2)
COMMIT
INSERT INTO PASSENGER VALUES(661,8340.0E0,8467.0E0,8557.0E0,0,29,'PASSENGER',2)
COMMIT
INSERT INTO PASSENGER VALUES(662,8355.0E0,8467.0E0,8564.0E0,0,31,'PASSENGER',2)
COMMIT
INSERT INTO PASSENGER VALUES(663,8397.0E0,8508.0E0,8565.0E0,32,7,'PASSENGER',3)
COMMIT
INSERT INTO PASSENGER VALUES(664,8383.0E0,8549.0E0,8565.0E0,13,7,'PASSENGER',3)
COMMIT
INSERT INTO PASSENGER VALUES(665,8214.0E0,8518.0E0,8568.0E0,37,21,'PASSENGER',1)
COMMIT
INSERT INTO PASSENGER VALUES(666,8290.0E0,8513.0E0,8579.0E0,38,17,'PASSENGER',1)
COMMIT
INSERT INTO PASSENGER VALUES(667,8352.0E0,8489.0E0,8579.0E0,6,37,'PASSENGER',2)
COMMIT
INSERT INTO PASSENGER VALUES(668,8393.0E0,8528.0E0,8587.0E0,0,28,'PASSENGER',0)
COMMIT
INSERT INTO PASSENGER VALUES(669,8367.0E0,8536.0E0,8589.0E0,31,14,'PASSENGER',1)
COMMIT
INSERT INTO PASSENGER VALUES(670,8296.0E0,8547.0E0,8589.0E0,27,14,'PASSENGER',1)
COMMIT
INSERT INTO PASSENGER VALUES(671,8383.0E0,8583.0E0,8602.0E0,0,8,'PASSENGER',3)
COMMIT
INSERT INTO PASSENGER VALUES(672,8312.0E0,8528.0E0,8608.0E0,0,37,'PASSENGER',0)
COMMIT
INSERT INTO PASSENGER VALUES(673,8387.0E0,8552.0E0,8621.0E0,26,0,'PASSENGER',1)
COMMIT
INSERT INTO PASSENGER VALUES(674,8365.0E0,8561.0E0,8621.0E0,23,0,'PASSENGER',1)
COMMIT
INSERT INTO PASSENGER VALUES(675,8381.0E0,8583.0E0,8635.0E0,0,23,'PASSENGER',3)
COMMIT
INSERT INTO PASSENGER VALUES(676,8356.0E0,8627.0E0,8652.0E0,0,11,'PASSENGER',1)
COMMIT
INSERT INTO PASSENGER VALUES(677,8316.0E0,8627.0E0,8666.0E0,0,16,'PASSENGER',1)
COMMIT
INSERT INTO PASSENGER VALUES(678,8375.0E0,8627.0E0,8666.0E0,0,16,'PASSENGER',1)
COMMIT
INSERT INTO PASSENGER VALUES(679,8320.0E0,8627.0E0,8671.0E0,0,17,'PASSENGER',1)
COMMIT
INSERT INTO PASSENGER VALUES(680,8374.0E0,8627.0E0,8684.0E0,0,22,'PASSENGER',1)
COMMIT
INSERT INTO PASSENGER VALUES(681,8324.0E0,8627.0E0,8719.0E0,0,38,'PASSENGER',1)
COMMIT
INSERT INTO PASSENGER VALUES(682,9000.0E0,9005.0E0,9020.0E0,0,6,'PASSENGER',0)
COMMIT
INSERT INTO PASSENGER VALUES(683,9002.0E0,9005.0E0,9041.0E0,0,15,'PASSENGER',0)
COMMIT
INSERT INTO PASSENGER VALUES(684,9015.0E0,9019.0E0,9044.0E0,0,11,'PASSENGER',3)
COMMIT
INSERT INTO PASSENGER VALUES(685,9001.0E0,9005.0E0,9050.0E0,0,18,'PASSENGER',0)
COMMIT
INSERT INTO PASSENGER VALUES(686,9010.0E0,9013.0E0,9050.0E0,0,17,'PASSENGER',2)
COMMIT
INSERT INTO PASSENGER VALUES(687,9017.0E0,9074.0E0,9081.0E0,32,34,'PASSENGER',1)
COMMIT
INSERT INTO PASSENGER VALUES(688,9045.0E0,9075.0E0,9084.0E0,25,28,'PASSENGER',3)
COMMIT
INSERT INTO PASSENGER VALUES(689,9009.0E0,9013.0E0,9089.0E0,0,35,'PASSENGER',2)
COMMIT
INSERT INTO PASSENGER VALUES(690,9016.0E0,9019.0E0,9107.0E0,0,38,'PASSENGER',3)
COMMIT
INSERT INTO PASSENGER VALUES(691,9011.0E0,9101.0E0,9116.0E0,27,21,'PASSENGER',1)
COMMIT
INSERT INTO PASSENGER VALUES(692,9116.0E0,9128.0E0,9133.0E0,29,28,'PASSENGER',3)
COMMIT
INSERT INTO PASSENGER VALUES(693,9093.0E0,9115.0E0,9144.0E0,25,12,'PASSENGER',2)
COMMIT
INSERT INTO PASSENGER VALUES(694,9036.0E0,9095.0E0,9148.0E0,0,25,'PASSENGER',0)
COMMIT
INSERT INTO PASSENGER VALUES(695,9014.0E0,9092.0E0,9150.0E0,30,6,'PASSENGER',1)
COMMIT
INSERT INTO PASSENGER VALUES(696,9074.0E0,9096.0E0,9152.0E0,33,10,'PASSENGER',2)
COMMIT
INSERT INTO PASSENGER VALUES(697,9049.0E0,9095.0E0,9157.0E0,0,28,'PASSENGER',0)
COMMIT
INSERT INTO PASSENGER VALUES(698,9107.0E0,9117.0E0,9165.0E0,21,0,'PASSENGER',1)
COMMIT
INSERT INTO PASSENGER VALUES(699,9038.0E0,9095.0E0,9168.0E0,0,32,'PASSENGER',0)
COMMIT
INSERT INTO PASSENGER VALUES(700,9078.0E0,9095.0E0,9173.0E0,0,33,'PASSENGER',0)
COMMIT
INSERT INTO PASSENGER VALUES(701,9158.0E0,9169.0E0,9176.0E0,0,2,'PASSENGER',1)
COMMIT
INSERT INTO PASSENGER VALUES(702,9055.0E0,9153.0E0,9180.0E0,10,0,'PASSENGER',2)
COMMIT
INSERT INTO PASSENGER VALUES(703,9111.0E0,9172.0E0,9180.0E0,2,0,'PASSENGER',2)
COMMIT
INSERT INTO PASSENGER VALUES(704,9121.0E0,9157.0E0,9181.0E0,19,10,'PASSENGER',3)
COMMIT
INSERT INTO PASSENGER VALUES(705,9050.0E0,9095.0E0,9182.0E0,0,36,'PASSENGER',0)
COMMIT
INSERT INTO PASSENGER VALUES(706,9074.0E0,9095.0E0,9189.0E0,0,38,'PASSENGER',0)
COMMIT
INSERT INTO PASSENGER VALUES(707,9028.0E0,9095.0E0,9194.0E0,0,39,'PASSENGER',0)
COMMIT
INSERT INTO PASSENGER VALUES(708,9092.0E0,9148.0E0,9205.0E0,22,0,'PASSENGER',3)
COMMIT
INSERT INTO PASSENGER VALUES(709,9164.0E0,9176.0E0,9205.0E0,11,0,'PASSENGER',3)
COMMIT
INSERT INTO PASSENGER VALUES(710,9086.0E0,9169.0E0,9209.0E0,0,12,'PASSENGER',1)
COMMIT
INSERT INTO PASSENGER VALUES(711,9143.0E0,9169.0E0,9226.0E0,0,18,'PASSENGER',1)
COMMIT
INSERT INTO PASSENGER VALUES(712,9134.0E0,9177.0E0,9226.0E0,2,18,'PASSENGER',1)
COMMIT
INSERT INTO PASSENGER VALUES(713,9033.0E0,9184.0E0,9226.0E0,4,18,'PASSENGER',1)
COMMIT
INSERT INTO PASSENGER VALUES(714,9179.0E0,9211.0E0,9228.0E0,32,28,'PASSENGER',0)
COMMIT
INSERT INTO PASSENGER VALUES(715,9054.0E0,9186.0E0,9229.0E0,0,14,'PASSENGER',2)
COMMIT
INSERT INTO PASSENGER VALUES(716,9073.0E0,9186.0E0,9229.0E0,0,14,'PASSENGER',2)
COMMIT
INSERT INTO PASSENGER VALUES(717,9133.0E0,9221.0E0,9232.0E0,0,4,'PASSENGER',3)
COMMIT
INSERT INTO PASSENGER VALUES(718,9087.0E0,9169.0E0,9236.0E0,0,21,'PASSENGER',1)
COMMIT
INSERT INTO PASSENGER VALUES(719,9162.0E0,9204.0E0,9236.0E0,11,21,'PASSENGER',1)
COMMIT
INSERT INTO PASSENGER VALUES(720,9089.0E0,9221.0E0,9237.0E0,12,16,'PASSENGER',2)
COMMIT
INSERT INTO PASSENGER VALUES(721,9137.0E0,9221.0E0,9237.0E0,12,16,'PASSENGER',2)
COMMIT
INSERT INTO PASSENGER VALUES(722,9022.0E0,9186.0E0,9244.0E0,0,18,'PASSENGER',2)
COMMIT
INSERT INTO PASSENGER VALUES(723,9091.0E0,9221.0E0,9246.0E0,0,8,'PASSENGER',3)
COMMIT
INSERT INTO PASSENGER VALUES(724,9094.0E0,9221.0E0,9251.0E0,0,9,'PASSENGER',3)
COMMIT
INSERT INTO PASSENGER VALUES(725,9029.0E0,9216.0E0,9252.0E0,31,19,'PASSENGER',0)
COMMIT
INSERT INTO PASSENGER VALUES(726,9108.0E0,9208.0E0,9253.0E0,8,21,'PASSENGER',2)
COMMIT
INSERT INTO PASSENGER VALUES(727,9180.0E0,9221.0E0,9258.0E0,0,10,'PASSENGER',3)
COMMIT
INSERT INTO PASSENGER VALUES(728,9204.0E0,9221.0E0,9258.0E0,0,10,'PASSENGER',3)
COMMIT
INSERT INTO PASSENGER VALUES(729,9109.0E0,9186.0E0,9263.0E0,0,24,'PASSENGER',2)
COMMIT
INSERT INTO PASSENGER VALUES(730,9098.0E0,9221.0E0,9266.0E0,0,11,'PASSENGER',3)
COMMIT
INSERT INTO PASSENGER VALUES(731,9111.0E0,9221.0E0,9266.0E0,0,11,'PASSENGER',3)
COMMIT
INSERT INTO PASSENGER VALUES(732,9176.0E0,9221.0E0,9266.0E0,0,11,'PASSENGER',3)
COMMIT
INSERT INTO PASSENGER VALUES(733,9213.0E0,9243.0E0,9269.0E0,22,12,'PASSENGER',0)
COMMIT
INSERT INTO PASSENGER VALUES(734,9083.0E0,9186.0E0,9273.0E0,0,27,'PASSENGER',2)
COMMIT
INSERT INTO PASSENGER VALUES(735,9056.0E0,9191.0E0,9273.0E0,1,27,'PASSENGER',2)
COMMIT
INSERT INTO PASSENGER VALUES(736,9151.0E0,9221.0E0,9273.0E0,0,13,'PASSENGER',3)
COMMIT
INSERT INTO PASSENGER VALUES(737,9193.0E0,9199.0E0,9275.0E0,10,39,'PASSENGER',1)
COMMIT
INSERT INTO PASSENGER VALUES(738,9023.0E0,9221.0E0,9286.0E0,0,18,'PASSENGER',3)
COMMIT
INSERT INTO PASSENGER VALUES(739,9165.0E0,9221.0E0,9295.0E0,12,36,'PASSENGER',2)
COMMIT
INSERT INTO PASSENGER VALUES(740,9258.0E0,9278.0E0,9297.0E0,39,35,'PASSENGER',1)
COMMIT
INSERT INTO PASSENGER VALUES(741,9083.0E0,9221.0E0,9299.0E0,0,22,'PASSENGER',3)
COMMIT
INSERT INTO PASSENGER VALUES(742,9158.0E0,9221.0E0,9299.0E0,0,22,'PASSENGER',3)
COMMIT
INSERT INTO PASSENGER VALUES(743,9172.0E0,9221.0E0,9299.0E0,0,22,'PASSENGER',3)
COMMIT
INSERT INTO PASSENGER VALUES(744,9266.0E0,9278.0E0,9303.0E0,39,34,'PASSENGER',1)
COMMIT
INSERT INTO PASSENGER VALUES(745,9172.0E0,9223.0E0,9304.0E0,29,0,'PASSENGER',0)
COMMIT
INSERT INTO PASSENGER VALUES(746,9079.0E0,9282.0E0,9304.0E0,7,0,'PASSENGER',0)
COMMIT
INSERT INTO PASSENGER VALUES(747,9276.0E0,9291.0E0,9304.0E0,4,0,'PASSENGER',0)
COMMIT
INSERT INTO PASSENGER VALUES(748,9052.0E0,9186.0E0,9305.0E0,0,39,'PASSENGER',2)
COMMIT
INSERT INTO PASSENGER VALUES(749,9062.0E0,9221.0E0,9308.0E0,0,25,'PASSENGER',3)
COMMIT
INSERT INTO PASSENGER VALUES(750,9259.0E0,9284.0E0,9319.0E0,38,29,'PASSENGER',1)
COMMIT
INSERT INTO PASSENGER VALUES(751,9056.0E0,9221.0E0,9326.0E0,0,31,'PASSENGER',3)
COMMIT
INSERT INTO PASSENGER VALUES(752,9220.0E0,9241.0E0,9337.0E0,7,35,'PASSENGER',3)
COMMIT
INSERT INTO PASSENGER VALUES(753,9062.0E0,9221.0E0,9343.0E0,0,36,'PASSENGER',3)
COMMIT
INSERT INTO PASSENGER VALUES(754,9193.0E0,9317.0E0,9343.0E0,28,36,'PASSENGER',3)
COMMIT
INSERT INTO PASSENGER VALUES(755,9008.0E0,9298.0E0,9348.0E0,35,19,'PASSENGER',1)
COMMIT
INSERT INTO PASSENGER VALUES(756,9167.0E0,9312.0E0,9352.0E0,0,17,'PASSENGER',0)
COMMIT
INSERT INTO PASSENGER VALUES(757,9279.0E0,9333.0E0,9358.0E0,9,18,'PASSENGER',0)
COMMIT
INSERT INTO PASSENGER VALUES(758,9040.0E0,9290.0E0,9359.0E0,37,15,'PASSENGER',1)
COMMIT
INSERT INTO PASSENGER VALUES(759,9116.0E0,9312.0E0,9364.0E0,0,19,'PASSENGER',0)
COMMIT
INSERT INTO PASSENGER VALUES(760,9214.0E0,9312.0E0,9364.0E0,0,19,'PASSENGER',0)
COMMIT
INSERT INTO PASSENGER VALUES(761,9027.0E0,9290.0E0,9369.0E0,37,12,'PASSENGER',1)
COMMIT
INSERT INTO PASSENGER VALUES(762,9178.0E0,9333.0E0,9372.0E0,29,15,'PASSENGER',2)
COMMIT
INSERT INTO PASSENGER VALUES(763,9221.0E0,9364.0E0,9379.0E0,29,23,'PASSENGER',3)
COMMIT
INSERT INTO PASSENGER VALUES(764,9267.0E0,9330.0E0,9382.0E0,25,7,'PASSENGER',1)
COMMIT
INSERT INTO PASSENGER VALUES(765,9285.0E0,9312.0E0,9383.0E0,0,27,'PASSENGER',0)
COMMIT
INSERT INTO PASSENGER VALUES(766,9022.0E0,9278.0E0,9389.0E0,39,5,'PASSENGER',1)
COMMIT
INSERT INTO PASSENGER VALUES(767,9154.0E0,9312.0E0,9390.0E0,0,28,'PASSENGER',0)
COMMIT
INSERT INTO PASSENGER VALUES(768,9237.0E0,9312.0E0,9390.0E0,0,28,'PASSENGER',0)
COMMIT
INSERT INTO PASSENGER VALUES(769,9294.0E0,9316.0E0,9390.0E0,36,8,'PASSENGER',2)
COMMIT
INSERT INTO PASSENGER VALUES(770,9178.0E0,9357.0E0,9390.0E0,21,8,'PASSENGER',2)
COMMIT
INSERT INTO PASSENGER VALUES(771,9134.0E0,9316.0E0,9397.0E0,36,6,'PASSENGER',2)
COMMIT
INSERT INTO PASSENGER VALUES(772,9133.0E0,9312.0E0,9398.0E0,31,2,'PASSENGER',1)
COMMIT
INSERT INTO PASSENGER VALUES(773,9144.0E0,9312.0E0,9401.0E0,0,32,'PASSENGER',0)
COMMIT
INSERT INTO PASSENGER VALUES(774,9116.0E0,9337.0E0,9403.0E0,23,1,'PASSENGER',1)
COMMIT
INSERT INTO PASSENGER VALUES(775,9174.0E0,9344.0E0,9408.0E0,36,10,'PASSENGER',3)
COMMIT
INSERT INTO PASSENGER VALUES(776,9008.0E0,9284.0E0,9409.0E0,38,0,'PASSENGER',1)
COMMIT
INSERT INTO PASSENGER VALUES(777,9142.0E0,9360.0E0,9409.0E0,15,0,'PASSENGER',1)
COMMIT
INSERT INTO PASSENGER VALUES(778,9278.0E0,9316.0E0,9415.0E0,36,0,'PASSENGER',2)
COMMIT
INSERT INTO PASSENGER VALUES(779,9144.0E0,9341.0E0,9415.0E0,27,0,'PASSENGER',2)
COMMIT
INSERT INTO PASSENGER VALUES(780,9193.0E0,9341.0E0,9415.0E0,27,0,'PASSENGER',2)
COMMIT
INSERT INTO PASSENGER VALUES(781,9267.0E0,9357.0E0,9415.0E0,21,0,'PASSENGER',2)
COMMIT
INSERT INTO PASSENGER VALUES(782,9163.0E0,9312.0E0,9419.0E0,0,39,'PASSENGER',0)
COMMIT
INSERT INTO PASSENGER VALUES(783,9233.0E0,9384.0E0,9419.0E0,27,39,'PASSENGER',0)
COMMIT
INSERT INTO PASSENGER VALUES(784,9210.0E0,9414.0E0,9419.0E0,9,8,'PASSENGER',3)
COMMIT
INSERT INTO PASSENGER VALUES(785,9180.0E0,9415.0E0,9422.0E0,0,2,'PASSENGER',1)
COMMIT
INSERT INTO PASSENGER VALUES(786,9269.0E0,9351.0E0,9439.0E0,34,0,'PASSENGER',3)
COMMIT
INSERT INTO PASSENGER VALUES(787,9185.0E0,9409.0E0,9439.0E0,10,0,'PASSENGER',3)
COMMIT
INSERT INTO PASSENGER VALUES(788,9204.0E0,9428.0E0,9445.0E0,0,6,'PASSENGER',2)
COMMIT
INSERT INTO PASSENGER VALUES(789,9235.0E0,9428.0E0,9445.0E0,0,6,'PASSENGER',2)
COMMIT
INSERT INTO PASSENGER VALUES(790,9265.0E0,9428.0E0,9445.0E0,0,6,'PASSENGER',2)
COMMIT
INSERT INTO PASSENGER VALUES(791,9168.0E0,9415.0E0,9446.0E0,0,12,'PASSENGER',1)
COMMIT
INSERT INTO PASSENGER VALUES(792,9265.0E0,9415.0E0,9446.0E0,0,12,'PASSENGER',1)
COMMIT
INSERT INTO PASSENGER VALUES(793,9273.0E0,9436.0E0,9447.0E0,33,29,'PASSENGER',0)
COMMIT
INSERT INTO PASSENGER VALUES(794,9277.0E0,9428.0E0,9452.0E0,0,8,'PASSENGER',2)
COMMIT
INSERT INTO PASSENGER VALUES(795,9238.0E0,9415.0E0,9453.0E0,0,14,'PASSENGER',1)
COMMIT
INSERT INTO PASSENGER VALUES(796,9227.0E0,9447.0E0,9453.0E0,0,1,'PASSENGER',3)
COMMIT
INSERT INTO PASSENGER VALUES(797,9289.0E0,9447.0E0,9453.0E0,0,1,'PASSENGER',3)
COMMIT
INSERT INTO PASSENGER VALUES(798,9223.0E0,9420.0E0,9454.0E0,39,27,'PASSENGER',0)
COMMIT
INSERT INTO PASSENGER VALUES(799,9288.0E0,9428.0E0,9457.0E0,0,9,'PASSENGER',2)
COMMIT
INSERT INTO PASSENGER VALUES(800,9234.0E0,9447.0E0,9460.0E0,0,3,'PASSENGER',3)
COMMIT
INSERT INTO PASSENGER VALUES(801,9205.0E0,9415.0E0,9464.0E0,0,18,'PASSENGER',1)
COMMIT
INSERT INTO PASSENGER VALUES(802,9296.0E0,9428.0E0,9467.0E0,0,11,'PASSENGER',2)
COMMIT
INSERT INTO PASSENGER VALUES(803,9265.0E0,9415.0E0,9471.0E0,0,20,'PASSENGER',1)
COMMIT
INSERT INTO PASSENGER VALUES(804,9277.0E0,9468.0E0,9475.0E0,22,20,'PASSENGER',0)
COMMIT
INSERT INTO PASSENGER VALUES(805,9288.0E0,9428.0E0,9478.0E0,0,15,'PASSENGER',2)
COMMIT
INSERT INTO PASSENGER VALUES(806,9188.0E0,9428.0E0,9483.0E0,0,16,'PASSENGER',2)
COMMIT
INSERT INTO PASSENGER VALUES(807,9273.0E0,9447.0E0,9483.0E0,0,13,'PASSENGER',3)
COMMIT
INSERT INTO PASSENGER VALUES(808,9283.0E0,9462.0E0,9488.0E0,10,17,'PASSENGER',2)
COMMIT
INSERT INTO PASSENGER VALUES(809,9260.0E0,9468.0E0,9493.0E0,22,15,'PASSENGER',0)
COMMIT
INSERT INTO PASSENGER VALUES(810,9289.0E0,9485.0E0,9493.0E0,17,15,'PASSENGER',0)
COMMIT
INSERT INTO PASSENGER VALUES(811,9261.0E0,9447.0E0,9496.0E0,0,18,'PASSENGER',3)
COMMIT
INSERT INTO PASSENGER VALUES(812,9250.0E0,9428.0E0,9503.0E0,0,21,'PASSENGER',2)
COMMIT
INSERT INTO PASSENGER VALUES(813,9285.0E0,9428.0E0,9503.0E0,0,21,'PASSENGER',2)
COMMIT
INSERT INTO PASSENGER VALUES(814,9280.0E0,9495.0E0,9508.0E0,19,22,'PASSENGER',2)
COMMIT
INSERT INTO PASSENGER VALUES(815,9290.0E0,9436.0E0,9509.0E0,33,9,'PASSENGER',0)
COMMIT
INSERT INTO PASSENGER VALUES(816,9297.0E0,9476.0E0,9509.0E0,20,9,'PASSENGER',0)
COMMIT
INSERT INTO PASSENGER VALUES(817,9262.0E0,9486.0E0,9513.0E0,26,38,'PASSENGER',1)
COMMIT
INSERT INTO PASSENGER VALUES(818,9270.0E0,9447.0E0,9525.0E0,0,31,'PASSENGER',3)
COMMIT
INSERT INTO PASSENGER VALUES(819,9230.0E0,9447.0E0,9534.0E0,0,34,'PASSENGER',3)
COMMIT
INSERT INTO PASSENGER VALUES(820,9189.0E0,9428.0E0,9538.0E0,0,35,'PASSENGER',2)
COMMIT
INSERT INTO PASSENGER VALUES(821,9242.0E0,9428.0E0,9538.0E0,0,35,'PASSENGER',2)
COMMIT
INSERT INTO PASSENGER VALUES(822,9239.0E0,9447.0E0,9539.0E0,0,35,'PASSENGER',3)
COMMIT
INSERT INTO PASSENGER VALUES(823,9267.0E0,9428.0E0,9543.0E0,0,36,'PASSENGER',2)
COMMIT
INSERT INTO PASSENGER VALUES(824,9089.0E0,9550.0E0,9629.0E0,39,1,'PASSENGER',3)
COMMIT
INSERT INTO PASSENGER VALUES(825,9905.0E0,9962.0E0,9979.0E0,27,34,'PASSENGER',0)
COMMIT
INSERT INTO PASSENGER VALUES(826,9906.0E0,9923.0E0,9990.0E0,9,38,'PASSENGER',0)
COMMIT
INSERT INTO PASSENGER VALUES(827,9970.0E0,9989.0E0,9994.0E0,2,1,'PASSENGER',1)
COMMIT
INSERT INTO PASSENGER VALUES(828,9904.0E0,9948.0E0,9999.0E0,21,0,'PASSENGER',1)
COMMIT
INSERT INTO PASSENGER VALUES(829,9907.0E0,9957.0E0,10008.0E0,24,0,'PASSENGER',2)
COMMIT
INSERT INTO PASSENGER VALUES(830,9945.0E0,10003.0E0,10016.0E0,0,5,'PASSENGER',1)
COMMIT
INSERT INTO PASSENGER VALUES(831,9963.0E0,10003.0E0,10033.0E0,0,12,'PASSENGER',1)
COMMIT
INSERT INTO PASSENGER VALUES(832,9960.0E0,10028.0E0,10047.0E0,25,17,'PASSENGER',0)
COMMIT
INSERT INTO PASSENGER VALUES(833,9962.0E0,10003.0E0,10051.0E0,0,19,'PASSENGER',1)
COMMIT
INSERT INTO PASSENGER VALUES(834,9943.0E0,10014.0E0,10053.0E0,29,16,'PASSENGER',0)
COMMIT
INSERT INTO PASSENGER VALUES(835,9955.0E0,10021.0E0,10065.0E0,27,13,'PASSENGER',0)
COMMIT
INSERT INTO PASSENGER VALUES(836,9917.0E0,10048.0E0,10076.0E0,17,9,'PASSENGER',0)
COMMIT
INSERT INTO PASSENGER VALUES(837,10018.0E0,10024.0E0,10080.0E0,6,31,'PASSENGER',2)
COMMIT
INSERT INTO PASSENGER VALUES(838,9972.0E0,10003.0E0,10085.0E0,0,33,'PASSENGER',1)
COMMIT
INSERT INTO PASSENGER VALUES(839,9926.0E0,10005.0E0,10091.0E0,32,3,'PASSENGER',0)
COMMIT
INSERT INTO PASSENGER VALUES(840,10036.0E0,10074.0E0,10092.0E0,29,35,'PASSENGER',1)
COMMIT
INSERT INTO PASSENGER VALUES(841,9927.0E0,10007.0E0,10092.0E0,39,0,'PASSENGER',3)
COMMIT
INSERT INTO PASSENGER VALUES(842,10032.0E0,10076.0E0,10092.0E0,6,0,'PASSENGER',3)
COMMIT
INSERT INTO PASSENGER VALUES(843,9983.0E0,10009.0E0,10094.0E0,0,36,'PASSENGER',2)
COMMIT
INSERT INTO PASSENGER VALUES(844,9903.0E0,10060.0E0,10102.0E0,14,0,'PASSENGER',0)
COMMIT
INSERT INTO PASSENGER VALUES(845,9935.0E0,10092.0E0,10102.0E0,3,0,'PASSENGER',0)
COMMIT
INSERT INTO PASSENGER VALUES(846,10011.0E0,10047.0E0,10104.0E0,16,39,'PASSENGER',2)
COMMIT
INSERT INTO PASSENGER VALUES(847,10025.0E0,10094.0E0,10109.0E0,0,6,'PASSENGER',3)
COMMIT
INSERT INTO PASSENGER VALUES(848,10092.0E0,10099.0E0,10115.0E0,33,28,'PASSENGER',1)
COMMIT
INSERT INTO PASSENGER VALUES(849,9992.0E0,10105.0E0,10135.0E0,39,29,'PASSENGER',2)
COMMIT
INSERT INTO PASSENGER VALUES(850,10006.0E0,10104.0E0,10136.0E0,0,13,'PASSENGER',0)
COMMIT
INSERT INTO PASSENGER VALUES(851,10019.0E0,10104.0E0,10145.0E0,0,16,'PASSENGER',0)
COMMIT
INSERT INTO PASSENGER VALUES(852,10063.0E0,10094.0E0,10146.0E0,0,18,'PASSENGER',3)
COMMIT
INSERT INTO PASSENGER VALUES(853,10031.0E0,10116.0E0,10146.0E0,8,18,'PASSENGER',3)
COMMIT
INSERT INTO PASSENGER VALUES(854,10136.0E0,10146.0E0,10153.0E0,17,15,'PASSENGER',1)
COMMIT
INSERT INTO PASSENGER VALUES(855,10111.0E0,10146.0E0,10163.0E0,25,18,'PASSENGER',2)
COMMIT
INSERT INTO PASSENGER VALUES(856,9984.0E0,10115.0E0,10164.0E0,4,24,'PASSENGER',0)
COMMIT
INSERT INTO PASSENGER VALUES(857,10118.0E0,10154.0E0,10169.0E0,15,11,'PASSENGER',1)
COMMIT
INSERT INTO PASSENGER VALUES(858,10023.0E0,10129.0E0,10171.0E0,13,29,'PASSENGER',3)
COMMIT
INSERT INTO PASSENGER VALUES(859,9981.0E0,10165.0E0,10185.0E0,24,31,'PASSENGER',0)
COMMIT
INSERT INTO PASSENGER VALUES(860,10121.0E0,10164.0E0,10185.0E0,12,6,'PASSENGER',1)
COMMIT
INSERT INTO PASSENGER VALUES(861,10040.0E0,10181.0E0,10186.0E0,32,33,'PASSENGER',3)
COMMIT
INSERT INTO PASSENGER VALUES(862,9993.0E0,10128.0E0,10188.0E0,31,7,'PASSENGER',2)
COMMIT
INSERT INTO PASSENGER VALUES(863,10059.0E0,10104.0E0,10191.0E0,32,5,'PASSENGER',1)
COMMIT
INSERT INTO PASSENGER VALUES(864,9980.0E0,10178.0E0,10194.0E0,29,34,'PASSENGER',0)
COMMIT
INSERT INTO PASSENGER VALUES(865,10051.0E0,10140.0E0,10203.0E0,17,39,'PASSENGER',3)
COMMIT
INSERT INTO PASSENGER VALUES(866,10121.0E0,10172.0E0,10203.0E0,29,39,'PASSENGER',3)
COMMIT
INSERT INTO PASSENGER VALUES(867,10077.0E0,10122.0E0,10205.0E0,26,1,'PASSENGER',1)
COMMIT
INSERT INTO PASSENGER VALUES(868,10016.0E0,10115.0E0,10206.0E0,36,0,'PASSENGER',2)
COMMIT
INSERT INTO PASSENGER VALUES(869,10018.0E0,10115.0E0,10206.0E0,36,0,'PASSENGER',2)
COMMIT
INSERT INTO PASSENGER VALUES(870,10067.0E0,10131.0E0,10216.0E0,23,0,'PASSENGER',1)
COMMIT
INSERT INTO PASSENGER VALUES(871,9972.0E0,10164.0E0,10216.0E0,12,0,'PASSENGER',1)
COMMIT
INSERT INTO PASSENGER VALUES(872,10077.0E0,10178.0E0,10216.0E0,8,0,'PASSENGER',1)
COMMIT
INSERT INTO PASSENGER VALUES(873,10167.0E0,10186.0E0,10216.0E0,6,0,'PASSENGER',1)
COMMIT
INSERT INTO PASSENGER VALUES(874,10135.0E0,10196.0E0,10216.0E0,4,0,'PASSENGER',1)
COMMIT
INSERT INTO PASSENGER VALUES(875,10125.0E0,10206.0E0,10216.0E0,1,0,'PASSENGER',1)
COMMIT
INSERT INTO PASSENGER VALUES(876,10020.0E0,10213.0E0,10230.0E0,0,7,'PASSENGER',2)
COMMIT
INSERT INTO PASSENGER VALUES(877,10196.0E0,10231.0E0,10236.0E0,0,1,'PASSENGER',1)
COMMIT
INSERT INTO PASSENGER VALUES(878,10119.0E0,10232.0E0,10237.0E0,18,17,'PASSENGER',0)
COMMIT
INSERT INTO PASSENGER VALUES(879,10035.0E0,10231.0E0,10245.0E0,0,4,'PASSENGER',1)
COMMIT
INSERT INTO PASSENGER VALUES(880,10067.0E0,10231.0E0,10252.0E0,0,5,'PASSENGER',1)
COMMIT
INSERT INTO PASSENGER VALUES(881,10093.0E0,10231.0E0,10252.0E0,0,5,'PASSENGER',1)
COMMIT
INSERT INTO PASSENGER VALUES(882,10098.0E0,10231.0E0,10252.0E0,0,5,'PASSENGER',1)
COMMIT
INSERT INTO PASSENGER VALUES(883,10017.0E0,10213.0E0,10260.0E0,0,20,'PASSENGER',2)
COMMIT
INSERT INTO PASSENGER VALUES(884,10018.0E0,10213.0E0,10260.0E0,0,20,'PASSENGER',2)
COMMIT
INSERT INTO PASSENGER VALUES(885,10194.0E0,10203.0E0,10263.0E0,31,7,'PASSENGER',0)
COMMIT
INSERT INTO PASSENGER VALUES(886,10177.0E0,10242.0E0,10268.0E0,16,6,'PASSENGER',0)
COMMIT
INSERT INTO PASSENGER VALUES(887,10134.0E0,10231.0E0,10271.0E0,0,13,'PASSENGER',1)
COMMIT
INSERT INTO PASSENGER VALUES(888,10126.0E0,10231.0E0,10278.0E0,0,15,'PASSENGER',1)
COMMIT
INSERT INTO PASSENGER VALUES(889,10091.0E0,10213.0E0,10281.0E0,0,29,'PASSENGER',2)
COMMIT
INSERT INTO PASSENGER VALUES(890,10169.0E0,10228.0E0,10285.0E0,31,7,'PASSENGER',3)
COMMIT
INSERT INTO PASSENGER VALUES(891,10009.0E0,10213.0E0,10287.0E0,0,30,'PASSENGER',2)
COMMIT
INSERT INTO PASSENGER VALUES(892,10107.0E0,10213.0E0,10287.0E0,0,30,'PASSENGER',2)
COMMIT
INSERT INTO PASSENGER VALUES(893,10087.0E0,10231.0E0,10288.0E0,0,17,'PASSENGER',1)
COMMIT
INSERT INTO PASSENGER VALUES(894,10088.0E0,10231.0E0,10288.0E0,0,17,'PASSENGER',1)
COMMIT
INSERT INTO PASSENGER VALUES(895,10092.0E0,10231.0E0,10288.0E0,0,17,'PASSENGER',1)
COMMIT
INSERT INTO PASSENGER VALUES(896,10151.0E0,10231.0E0,10288.0E0,0,17,'PASSENGER',1)
COMMIT
INSERT INTO PASSENGER VALUES(897,10179.0E0,10279.0E0,10297.0E0,10,16,'PASSENGER',0)
COMMIT
INSERT INTO PASSENGER VALUES(898,10054.0E0,10231.0E0,10299.0E0,0,21,'PASSENGER',1)
COMMIT
INSERT INTO PASSENGER VALUES(899,10099.0E0,10210.0E0,10306.0E0,37,0,'PASSENGER',3)
COMMIT
INSERT INTO PASSENGER VALUES(900,10144.0E0,10221.0E0,10306.0E0,33,0,'PASSENGER',3)
COMMIT
INSERT INTO PASSENGER VALUES(901,10095.0E0,10239.0E0,10306.0E0,27,0,'PASSENGER',3)
COMMIT
INSERT INTO PASSENGER VALUES(902,10105.0E0,10274.0E0,10306.0E0,11,0,'PASSENGER',3)
COMMIT
INSERT INTO PASSENGER VALUES(903,10013.0E0,10213.0E0,10308.0E0,0,39,'PASSENGER',2)
COMMIT
INSERT INTO PASSENGER VALUES(904,10127.0E0,10231.0E0,10324.0E0,0,32,'PASSENGER',1)
COMMIT
INSERT INTO PASSENGER VALUES(905,10195.0E0,10318.0E0,10329.0E0,25,29,'PASSENGER',0)
COMMIT
INSERT INTO PASSENGER VALUES(906,10097.0E0,10308.0E0,10336.0E0,0,11,'PASSENGER',3)
COMMIT
INSERT INTO PASSENGER VALUES(907,10067.0E0,10231.0E0,10340.0E0,0,38,'PASSENGER',1)
COMMIT
INSERT INTO PASSENGER VALUES(908,10113.0E0,10231.0E0,10340.0E0,0,38,'PASSENGER',1)
COMMIT
INSERT INTO PASSENGER VALUES(909,10187.0E0,10286.0E0,10352.0E0,12,39,'PASSENGER',0)
COMMIT
INSERT INTO PASSENGER VALUES(910,9957.0E0,10347.0E0,10354.0E0,36,34,'PASSENGER',1)
COMMIT
INSERT INTO PASSENGER VALUES(911,10188.0E0,10350.0E0,10367.0E0,16,23,'PASSENGER',3)
COMMIT
INSERT INTO PASSENGER VALUES(912,10179.0E0,10325.0E0,10372.0E0,7,24,'PASSENGER',3)
COMMIT
INSERT INTO PASSENGER VALUES(913,10192.0E0,10308.0E0,10402.0E0,0,37,'PASSENGER',3)
COMMIT
INSERT INTO PASSENGER VALUES(914,10188.0E0,10350.0E0,10402.0E0,16,37,'PASSENGER',3)
COMMIT
INSERT INTO PASSENGER VALUES(915,10147.0E0,10363.0E0,10412.0E0,35,12,'PASSENGER',0)
COMMIT
INSERT INTO PASSENGER VALUES(916,10087.0E0,10367.0E0,10422.0E0,39,13,'PASSENGER',1)
COMMIT
INSERT INTO PASSENGER VALUES(917,10133.0E0,10447.0E0,10455.0E0,0,2,'PASSENGER',0)
COMMIT
INSERT INTO PASSENGER VALUES(918,10147.0E0,10447.0E0,10455.0E0,0,2,'PASSENGER',0)
COMMIT
INSERT INTO PASSENGER VALUES(919,10147.0E0,10447.0E0,10475.0E0,0,9,'PASSENGER',0)
COMMIT
INSERT INTO PASSENGER VALUES(920,10148.0E0,10447.0E0,10504.0E0,0,22,'PASSENGER',0)
COMMIT
INSERT INTO PASSENGER VALUES(921,10110.0E0,10447.0E0,10512.0E0,0,24,'PASSENGER',0)
COMMIT
INSERT INTO PASSENGER VALUES(922,10174.0E0,10447.0E0,10512.0E0,0,24,'PASSENGER',0)
COMMIT
INSERT INTO PASSENGER VALUES(923,10108.0E0,10447.0E0,10519.0E0,0,26,'PASSENGER',0)
COMMIT
INSERT INTO PASSENGER VALUES(924,10103.0E0,10447.0E0,10532.0E0,0,31,'PASSENGER',0)
COMMIT
INSERT INTO PASSENGER VALUES(925,10188.0E0,10460.0E0,10537.0E0,3,32,'PASSENGER',0)
COMMIT
INSERT INTO PASSENGER VALUES(926,10138.0E0,10447.0E0,10542.0E0,0,33,'PASSENGER',0)
COMMIT
INSERT INTO PASSENGER VALUES(927,10800.0E0,10818.0E0,10833.0E0,8,14,'PASSENGER',0)
COMMIT
INSERT INTO PASSENGER VALUES(928,10818.0E0,10821.0E0,10844.0E0,0,10,'PASSENGER',1)
COMMIT
INSERT INTO PASSENGER VALUES(929,10881.0E0,10884.0E0,10891.0E0,0,2,'PASSENGER',3)
COMMIT
INSERT INTO PASSENGER VALUES(930,10809.0E0,10879.0E0,10916.0E0,18,1,'PASSENGER',0)
COMMIT
INSERT INTO PASSENGER VALUES(931,10812.0E0,10860.0E0,10921.0E0,26,0,'PASSENGER',0)
COMMIT
INSERT INTO PASSENGER VALUES(932,10838.0E0,10885.0E0,10922.0E0,29,15,'PASSENGER',1)
COMMIT
INSERT INTO PASSENGER VALUES(933,10880.0E0,10907.0E0,10929.0E0,21,13,'PASSENGER',1)
COMMIT
INSERT INTO PASSENGER VALUES(934,10875.0E0,10879.0E0,10942.0E0,0,30,'PASSENGER',2)
COMMIT
INSERT INTO PASSENGER VALUES(935,10887.0E0,10898.0E0,10944.0E0,0,20,'PASSENGER',3)
COMMIT
INSERT INTO PASSENGER VALUES(936,10878.0E0,10950.0E0,10955.0E0,13,14,'PASSENGER',0)
COMMIT
INSERT INTO PASSENGER VALUES(937,10877.0E0,10879.0E0,10955.0E0,0,35,'PASSENGER',2)
COMMIT
INSERT INTO PASSENGER VALUES(938,10873.0E0,10890.0E0,10958.0E0,28,0,'PASSENGER',1)
COMMIT
INSERT INTO PASSENGER VALUES(939,10939.0E0,10970.0E0,10979.0E0,1,4,'PASSENGER',1)
COMMIT
INSERT INTO PASSENGER VALUES(940,10901.0E0,10927.0E0,10979.0E0,13,36,'PASSENGER',3)
COMMIT
INSERT INTO PASSENGER VALUES(941,10841.0E0,10965.0E0,10993.0E0,0,9,'PASSENGER',1)
COMMIT
INSERT INTO PASSENGER VALUES(942,10894.0E0,10965.0E0,10993.0E0,0,9,'PASSENGER',1)
COMMIT
INSERT INTO PASSENGER VALUES(943,10849.0E0,10965.0E0,11002.0E0,0,12,'PASSENGER',1)
COMMIT
INSERT INTO PASSENGER VALUES(944,10951.0E0,10980.0E0,11002.0E0,36,28,'PASSENGER',3)
COMMIT
INSERT INTO PASSENGER VALUES(945,10892.0E0,10965.0E0,11007.0E0,0,13,'PASSENGER',1)
COMMIT
INSERT INTO PASSENGER VALUES(946,10860.0E0,11007.0E0,11026.0E0,33,25,'PASSENGER',0)
COMMIT
INSERT INTO PASSENGER VALUES(947,10934.0E0,10965.0E0,11028.0E0,0,22,'PASSENGER',1)
COMMIT
INSERT INTO PASSENGER VALUES(948,10929.0E0,10956.0E0,11037.0E0,35,0,'PASSENGER',2)
COMMIT
INSERT INTO PASSENGER VALUES(949,10959.0E0,10969.0E0,11037.0E0,30,0,'PASSENGER',2)
COMMIT
INSERT INTO PASSENGER VALUES(950,10877.0E0,10976.0E0,11037.0E0,28,0,'PASSENGER',2)
COMMIT
INSERT INTO PASSENGER VALUES(951,10939.0E0,10965.0E0,11054.0E0,0,33,'PASSENGER',1)
COMMIT
INSERT INTO PASSENGER VALUES(952,10900.0E0,10995.0E0,11054.0E0,30,11,'PASSENGER',3)
COMMIT
INSERT INTO PASSENGER VALUES(953,10873.0E0,11000.0E0,11065.0E0,35,12,'PASSENGER',0)
COMMIT
INSERT INTO PASSENGER VALUES(954,10990.0E0,11048.0E0,11065.0E0,17,12,'PASSENGER',0)
COMMIT
INSERT INTO PASSENGER VALUES(955,10831.0E0,10965.0E0,11067.0E0,0,38,'PASSENGER',1)
COMMIT
INSERT INTO PASSENGER VALUES(956,10908.0E0,11007.0E0,11067.0E0,27,6,'PASSENGER',3)
COMMIT
INSERT INTO PASSENGER VALUES(957,10994.0E0,11023.0E0,11076.0E0,22,3,'PASSENGER',3)
COMMIT
INSERT INTO PASSENGER VALUES(958,10955.0E0,11075.0E0,11080.0E0,36,35,'PASSENGER',1)
COMMIT
INSERT INTO PASSENGER VALUES(959,11005.0E0,11079.0E0,11084.0E0,8,7,'PASSENGER',0)
COMMIT
INSERT INTO PASSENGER VALUES(960,10985.0E0,11018.0E0,11088.0E0,23,0,'PASSENGER',3)
COMMIT
INSERT INTO PASSENGER VALUES(961,10921.0E0,11038.0E0,11088.0E0,16,0,'PASSENGER',3)
COMMIT
INSERT INTO PASSENGER VALUES(962,11012.0E0,11047.0E0,11088.0E0,13,0,'PASSENGER',3)
COMMIT
INSERT INTO PASSENGER VALUES(963,11032.0E0,11037.0E0,11097.0E0,21,2,'PASSENGER',0)
COMMIT
INSERT INTO PASSENGER VALUES(964,11026.0E0,11039.0E0,11103.0E0,0,27,'PASSENGER',2)
COMMIT
INSERT INTO PASSENGER VALUES(965,10943.0E0,11050.0E0,11103.0E0,4,27,'PASSENGER',2)
COMMIT
INSERT INTO PASSENGER VALUES(966,10923.0E0,11055.0E0,11105.0E0,15,0,'PASSENGER',0)
COMMIT
INSERT INTO PASSENGER VALUES(967,10955.0E0,11072.0E0,11105.0E0,10,0,'PASSENGER',0)
COMMIT
INSERT INTO PASSENGER VALUES(968,10921.0E0,11039.0E0,11112.0E0,0,30,'PASSENGER',2)
COMMIT
INSERT INTO PASSENGER VALUES(969,11057.0E0,11104.0E0,11114.0E0,27,25,'PASSENGER',1)
COMMIT
INSERT INTO PASSENGER VALUES(970,11074.0E0,11102.0E0,11114.0E0,0,3,'PASSENGER',3)
COMMIT
INSERT INTO PASSENGER VALUES(971,11038.0E0,11093.0E0,11125.0E0,24,35,'PASSENGER',2)
COMMIT
INSERT INTO PASSENGER VALUES(972,11064.0E0,11109.0E0,11126.0E0,26,22,'PASSENGER',1)
COMMIT
INSERT INTO PASSENGER VALUES(973,11009.0E0,11108.0E0,11127.0E0,0,5,'PASSENGER',0)
COMMIT
INSERT INTO PASSENGER VALUES(974,10909.0E0,11102.0E0,11130.0E0,0,9,'PASSENGER',3)
COMMIT
INSERT INTO PASSENGER VALUES(975,11048.0E0,11068.0E0,11137.0E0,38,19,'PASSENGER',1)
COMMIT
INSERT INTO PASSENGER VALUES(976,11045.0E0,11081.0E0,11137.0E0,35,19,'PASSENGER',1)
COMMIT
INSERT INTO PASSENGER VALUES(977,10978.0E0,11102.0E0,11138.0E0,0,11,'PASSENGER',3)
COMMIT
INSERT INTO PASSENGER VALUES(978,11018.0E0,11102.0E0,11138.0E0,0,11,'PASSENGER',3)
COMMIT
INSERT INTO PASSENGER VALUES(979,10984.0E0,11102.0E0,11144.0E0,0,12,'PASSENGER',3)
COMMIT
INSERT INTO PASSENGER VALUES(980,10973.0E0,11115.0E0,11144.0E0,3,12,'PASSENGER',3)
COMMIT
INSERT INTO PASSENGER VALUES(981,11017.0E0,11108.0E0,11148.0E0,0,14,'PASSENGER',0)
COMMIT
INSERT INTO PASSENGER VALUES(982,10984.0E0,11107.0E0,11149.0E0,1,13,'PASSENGER',3)
COMMIT
INSERT INTO PASSENGER VALUES(983,10993.0E0,11108.0E0,11154.0E0,0,15,'PASSENGER',0)
COMMIT
INSERT INTO PASSENGER VALUES(984,11061.0E0,11121.0E0,11156.0E0,23,11,'PASSENGER',1)
COMMIT
INSERT INTO PASSENGER VALUES(985,10962.0E0,11102.0E0,11159.0E0,0,16,'PASSENGER',3)
COMMIT
INSERT INTO PASSENGER VALUES(986,11066.0E0,11092.0E0,11163.0E0,31,9,'PASSENGER',1)
COMMIT
INSERT INTO PASSENGER VALUES(987,11013.0E0,11122.0E0,11167.0E0,4,20,'PASSENGER',0)
COMMIT
INSERT INTO PASSENGER VALUES(988,10933.0E0,11127.0E0,11168.0E0,22,8,'PASSENGER',1)
COMMIT
INSERT INTO PASSENGER VALUES(989,10957.0E0,11102.0E0,11168.0E0,0,19,'PASSENGER',3)
COMMIT
INSERT INTO PASSENGER VALUES(990,11001.0E0,11150.0E0,11177.0E0,24,12,'PASSENGER',2)
COMMIT
INSERT INTO PASSENGER VALUES(991,11020.0E0,11149.0E0,11182.0E0,14,26,'PASSENGER',0)
COMMIT
INSERT INTO PASSENGER VALUES(992,10940.0E0,11104.0E0,11189.0E0,27,0,'PASSENGER',1)
COMMIT
INSERT INTO PASSENGER VALUES(993,10997.0E0,11169.0E0,11189.0E0,8,0,'PASSENGER',1)
COMMIT
INSERT INTO PASSENGER VALUES(994,10910.0E0,11102.0E0,11190.0E0,0,28,'PASSENGER',3)
COMMIT
INSERT INTO PASSENGER VALUES(995,11011.0E0,11102.0E0,11190.0E0,0,28,'PASSENGER',3)
COMMIT
INSERT INTO PASSENGER VALUES(996,10971.0E0,11102.0E0,11197.0E0,0,29,'PASSENGER',3)
COMMIT
INSERT INTO PASSENGER VALUES(997,11002.0E0,11102.0E0,11197.0E0,0,29,'PASSENGER',3)
COMMIT
INSERT INTO PASSENGER VALUES(998,11001.0E0,11117.0E0,11203.0E0,3,35,'PASSENGER',0)
COMMIT
INSERT INTO PASSENGER VALUES(999,10898.0E0,11102.0E0,11212.0E0,0,34,'PASSENGER',3)
COMMIT
INSERT INTO PASSENGER VALUES(1000,11056.0E0,11102.0E0,11212.0E0,0,34,'PASSENGER',3)
COMMIT
INSERT INTO PASSENGER VALUES(1001,11092.0E0,11205.0E0,11216.0E0,0,4,'PASSENGER',2)
COMMIT
INSERT INTO PASSENGER VALUES(1002,11089.0E0,11205.0E0,11223.0E0,0,6,'PASSENGER',2)
COMMIT
INSERT INTO PASSENGER VALUES(1003,10918.0E0,11102.0E0,11226.0E0,0,39,'PASSENGER',3)
COMMIT
INSERT INTO PASSENGER VALUES(1004,11038.0E0,11150.0E0,11226.0E0,13,39,'PASSENGER',3)
COMMIT
INSERT INTO PASSENGER VALUES(1005,11036.0E0,11190.0E0,11259.0E0,0,33,'PASSENGER',1)
COMMIT
INSERT INTO PASSENGER VALUES(1006,10970.0E0,11216.0E0,11261.0E0,36,15,'PASSENGER',0)
COMMIT
INSERT INTO PASSENGER VALUES(1007,11030.0E0,11210.0E0,11278.0E0,37,8,'PASSENGER',0)
COMMIT
INSERT INTO PASSENGER VALUES(1008,11042.0E0,11286.0E0,11295.0E0,36,33,'PASSENGER',2)
COMMIT
INSERT INTO PASSENGER VALUES(1009,11010.0E0,11216.0E0,11297.0E0,36,0,'PASSENGER',0)
COMMIT
INSERT INTO PASSENGER VALUES(1010,10991.0E0,11244.0E0,11315.0E0,32,1,'PASSENGER',3)
COMMIT
INSERT INTO PASSENGER VALUES(1011,11089.0E0,11227.0E0,11322.0E0,39,0,'PASSENGER',3)
COMMIT
INSERT INTO PASSENGER VALUES(1012,11070.0E0,11253.0E0,11322.0E0,29,0,'PASSENGER',3)
COMMIT
INSERT INTO PASSENGER VALUES(1013,11062.0E0,11258.0E0,11322.0E0,28,0,'PASSENGER',3)
COMMIT
INSERT INTO PASSENGER VALUES(1014,11715.0E0,11731.0E0,11748.0E0,7,0,'PASSENGER',3)
COMMIT
INSERT INTO PASSENGER VALUES(1015,11744.0E0,11751.0E0,11776.0E0,0,11,'PASSENGER',3)
COMMIT
INSERT INTO PASSENGER VALUES(1016,11708.0E0,11711.0E0,11782.0E0,0,34,'PASSENGER',0)
COMMIT
INSERT INTO PASSENGER VALUES(1017,11720.0E0,11760.0E0,11801.0E0,19,0,'PASSENGER',2)
COMMIT
INSERT INTO PASSENGER VALUES(1018,11776.0E0,11809.0E0,11816.0E0,2,4,'PASSENGER',2)
COMMIT
INSERT INTO PASSENGER VALUES(1019,11748.0E0,11818.0E0,11825.0E0,29,31,'PASSENGER',3)
COMMIT
INSERT INTO PASSENGER VALUES(1020,11784.0E0,11811.0E0,11828.0E0,17,10,'PASSENGER',1)
COMMIT
INSERT INTO PASSENGER VALUES(1021,11750.0E0,11834.0E0,11841.0E0,13,11,'PASSENGER',0)
COMMIT
INSERT INTO PASSENGER VALUES(1022,11746.0E0,11751.0E0,11844.0E0,0,38,'PASSENGER',3)
COMMIT
INSERT INTO PASSENGER VALUES(1023,11746.0E0,11751.0E0,11844.0E0,0,38,'PASSENGER',3)
COMMIT
INSERT INTO PASSENGER VALUES(1024,11735.0E0,11811.0E0,11844.0E0,27,38,'PASSENGER',3)
COMMIT
INSERT INTO PASSENGER VALUES(1025,11721.0E0,11796.0E0,11851.0E0,30,8,'PASSENGER',0)
COMMIT
INSERT INTO PASSENGER VALUES(1026,11716.0E0,11780.0E0,11851.0E0,31,0,'PASSENGER',1)
COMMIT
INSERT INTO PASSENGER VALUES(1027,11828.0E0,11834.0E0,11860.0E0,13,5,'PASSENGER',0)
COMMIT
INSERT INTO PASSENGER VALUES(1028,11756.0E0,11855.0E0,11872.0E0,0,7,'PASSENGER',1)
COMMIT
INSERT INTO PASSENGER VALUES(1029,11714.0E0,11787.0E0,11874.0E0,33,0,'PASSENGER',0)
COMMIT
INSERT INTO PASSENGER VALUES(1030,11731.0E0,11842.0E0,11874.0E0,11,0,'PASSENGER',0)
COMMIT
INSERT INTO PASSENGER VALUES(1031,11735.0E0,11845.0E0,11888.0E0,38,21,'PASSENGER',3)
COMMIT
INSERT INTO PASSENGER VALUES(1032,11764.0E0,11802.0E0,11892.0E0,0,37,'PASSENGER',2)
COMMIT
INSERT INTO PASSENGER VALUES(1033,11795.0E0,11855.0E0,11897.0E0,0,16,'PASSENGER',1)
COMMIT
INSERT INTO PASSENGER VALUES(1034,11823.0E0,11855.0E0,11897.0E0,0,16,'PASSENGER',1)
COMMIT
INSERT INTO PASSENGER VALUES(1035,11778.0E0,11847.0E0,11898.0E0,16,38,'PASSENGER',2)
COMMIT
INSERT INTO PASSENGER VALUES(1036,11772.0E0,11830.0E0,11905.0E0,9,39,'PASSENGER',2)
COMMIT
INSERT INTO PASSENGER VALUES(1037,11778.0E0,11893.0E0,11905.0E0,37,39,'PASSENGER',2)
COMMIT
INSERT INTO PASSENGER VALUES(1038,11837.0E0,11911.0E0,11916.0E0,38,37,'PASSENGER',2)
COMMIT
INSERT INTO PASSENGER VALUES(1039,11738.0E0,11915.0E0,11920.0E0,12,11,'PASSENGER',3)
COMMIT
INSERT INTO PASSENGER VALUES(1040,11849.0E0,11855.0E0,11922.0E0,0,27,'PASSENGER',1)
COMMIT
INSERT INTO PASSENGER VALUES(1041,11727.0E0,11881.0E0,11926.0E0,1,19,'PASSENGER',0)
COMMIT
INSERT INTO PASSENGER VALUES(1042,11743.0E0,11877.0E0,11927.0E0,25,9,'PASSENGER',3)
COMMIT
INSERT INTO PASSENGER VALUES(1043,11909.0E0,11923.0E0,11932.0E0,27,30,'PASSENGER',1)
COMMIT
INSERT INTO PASSENGER VALUES(1044,11743.0E0,11854.0E0,11946.0E0,35,1,'PASSENGER',3)
COMMIT
INSERT INTO PASSENGER VALUES(1045,11871.0E0,11892.0E0,11949.0E0,5,26,'PASSENGER',0)
COMMIT
INSERT INTO PASSENGER VALUES(1046,11800.0E0,11891.0E0,11951.0E0,15,38,'PASSENGER',1)
COMMIT
INSERT INTO PASSENGER VALUES(1047,11741.0E0,11901.0E0,11952.0E0,16,0,'PASSENGER',3)
COMMIT
INSERT INTO PASSENGER VALUES(1048,11832.0E0,11906.0E0,11952.0E0,15,0,'PASSENGER',3)
COMMIT
INSERT INTO PASSENGER VALUES(1049,11764.0E0,11946.0E0,11955.0E0,27,24,'PASSENGER',2)
COMMIT
INSERT INTO PASSENGER VALUES(1050,11726.0E0,11876.0E0,11964.0E0,0,32,'PASSENGER',0)
COMMIT
INSERT INTO PASSENGER VALUES(1051,11822.0E0,11930.0E0,11964.0E0,33,21,'PASSENGER',2)
COMMIT
INSERT INTO PASSENGER VALUES(1052,11779.0E0,11876.0E0,11971.0E0,0,34,'PASSENGER',0)
COMMIT
INSERT INTO PASSENGER VALUES(1053,11771.0E0,11906.0E0,11975.0E0,39,17,'PASSENGER',2)
COMMIT
INSERT INTO PASSENGER VALUES(1054,11872.0E0,11917.0E0,11977.0E0,16,35,'PASSENGER',0)
COMMIT
INSERT INTO PASSENGER VALUES(1055,11931.0E0,11963.0E0,11980.0E0,35,31,'PASSENGER',1)
COMMIT
INSERT INTO PASSENGER VALUES(1056,11874.0E0,11944.0E0,11982.0E0,25,36,'PASSENGER',0)
COMMIT
INSERT INTO PASSENGER VALUES(1057,11832.0E0,11937.0E0,11990.0E0,23,38,'PASSENGER',0)
COMMIT
INSERT INTO PASSENGER VALUES(1058,11807.0E0,11987.0E0,11992.0E0,29,28,'PASSENGER',1)
COMMIT
INSERT INTO PASSENGER VALUES(1059,11902.0E0,11946.0E0,11997.0E0,27,9,'PASSENGER',2)
COMMIT
INSERT INTO PASSENGER VALUES(1060,11891.0E0,11971.0E0,12006.0E0,6,22,'PASSENGER',3)
COMMIT
INSERT INTO PASSENGER VALUES(1061,11764.0E0,11921.0E0,12008.0E0,36,5,'PASSENGER',2)
COMMIT
INSERT INTO PASSENGER VALUES(1062,11905.0E0,11958.0E0,12009.0E0,36,21,'PASSENGER',1)
COMMIT
INSERT INTO PASSENGER VALUES(1063,11822.0E0,11953.0E0,12012.0E0,0,23,'PASSENGER',3)
COMMIT
INSERT INTO PASSENGER VALUES(1064,11889.0E0,11960.0E0,12012.0E0,2,23,'PASSENGER',3)
COMMIT
INSERT INTO PASSENGER VALUES(1065,11812.0E0,11986.0E0,12025.0E0,13,0,'PASSENGER',2)
COMMIT
INSERT INTO PASSENGER VALUES(1066,11801.0E0,12013.0E0,12025.0E0,4,0,'PASSENGER',2)
COMMIT
INSERT INTO PASSENGER VALUES(1067,11818.0E0,12027.0E0,12054.0E0,24,12,'PASSENGER',0)
COMMIT
INSERT INTO PASSENGER VALUES(1068,11842.0E0,11975.0E0,12056.0E0,32,2,'PASSENGER',1)
COMMIT
INSERT INTO PASSENGER VALUES(1069,11798.0E0,11970.0E0,12065.0E0,33,0,'PASSENGER',1)
COMMIT
INSERT INTO PASSENGER VALUES(1070,11912.0E0,12046.0E0,12065.0E0,4,0,'PASSENGER',1)
COMMIT
INSERT INTO PASSENGER VALUES(1071,11937.0E0,12051.0E0,12065.0E0,3,0,'PASSENGER',1)
COMMIT
INSERT INTO PASSENGER VALUES(1072,11847.0E0,12029.0E0,12067.0E0,0,17,'PASSENGER',2)
COMMIT
INSERT INTO PASSENGER VALUES(1073,11970.0E0,12029.0E0,12067.0E0,0,17,'PASSENGER',2)
COMMIT
INSERT INTO PASSENGER VALUES(1074,11994.0E0,12021.0E0,12068.0E0,20,0,'PASSENGER',3)
COMMIT
INSERT INTO PASSENGER VALUES(1075,11994.0E0,12062.0E0,12068.0E0,1,0,'PASSENGER',3)
COMMIT
INSERT INTO PASSENGER VALUES(1076,11807.0E0,12029.0E0,12072.0E0,0,18,'PASSENGER',2)
COMMIT
INSERT INTO PASSENGER VALUES(1077,11992.0E0,12071.0E0,12078.0E0,0,2,'PASSENGER',1)
COMMIT
INSERT INTO PASSENGER VALUES(1078,11896.0E0,11997.0E0,12082.0E0,36,0,'PASSENGER',0)
COMMIT
INSERT INTO PASSENGER VALUES(1079,11930.0E0,12004.0E0,12082.0E0,34,0,'PASSENGER',0)
COMMIT
INSERT INTO PASSENGER VALUES(1080,11909.0E0,12071.0E0,12083.0E0,0,3,'PASSENGER',1)
COMMIT
INSERT INTO PASSENGER VALUES(1081,11841.0E0,12029.0E0,12087.0E0,0,24,'PASSENGER',2)
COMMIT
INSERT INTO PASSENGER VALUES(1082,11971.0E0,12070.0E0,12091.0E0,0,9,'PASSENGER',3)
COMMIT
INSERT INTO PASSENGER VALUES(1083,11954.0E0,12070.0E0,12096.0E0,0,10,'PASSENGER',3)
COMMIT
INSERT INTO PASSENGER VALUES(1084,11941.0E0,12071.0E0,12105.0E0,0,11,'PASSENGER',1)
COMMIT
INSERT INTO PASSENGER VALUES(1085,11940.0E0,12087.0E0,12114.0E0,0,12,'PASSENGER',0)
COMMIT
INSERT INTO PASSENGER VALUES(1086,11934.0E0,12071.0E0,12118.0E0,0,16,'PASSENGER',1)
COMMIT
INSERT INTO PASSENGER VALUES(1087,11914.0E0,12087.0E0,12143.0E0,0,25,'PASSENGER',0)
COMMIT
INSERT INTO PASSENGER VALUES(1088,11868.0E0,12071.0E0,12149.0E0,0,30,'PASSENGER',1)
COMMIT
INSERT INTO PASSENGER VALUES(1089,11896.0E0,12087.0E0,12160.0E0,0,31,'PASSENGER',0)
COMMIT
INSERT INTO PASSENGER VALUES(1090,11913.0E0,12087.0E0,12160.0E0,0,31,'PASSENGER',0)
COMMIT
INSERT INTO PASSENGER VALUES(1091,11926.0E0,12087.0E0,12160.0E0,0,31,'PASSENGER',0)
COMMIT
INSERT INTO PASSENGER VALUES(1092,11931.0E0,12094.0E0,12164.0E0,7,36,'PASSENGER',1)
COMMIT
INSERT INTO PASSENGER VALUES(1093,11908.0E0,12071.0E0,12171.0E0,0,38,'PASSENGER',1)
COMMIT
INSERT INTO PASSENGER VALUES(1094,11858.0E0,12158.0E0,12181.0E0,39,29,'PASSENGER',3)
COMMIT
INSERT INTO PASSENGER VALUES(1095,11895.0E0,12158.0E0,12228.0E0,39,7,'PASSENGER',3)
COMMIT
INSERT INTO PASSENGER VALUES(1096,12605.0E0,12608.0E0,12661.0E0,0,25,'PASSENGER',1)
COMMIT
INSERT INTO PASSENGER VALUES(1097,12657.0E0,12685.0E0,12708.0E0,16,6,'PASSENGER',1)
COMMIT
INSERT INTO PASSENGER VALUES(1098,12632.0E0,12635.0E0,12712.0E0,0,37,'PASSENGER',3)
COMMIT
INSERT INTO PASSENGER VALUES(1099,12701.0E0,12703.0E0,12714.0E0,12,8,'PASSENGER',0)
COMMIT
INSERT INTO PASSENGER VALUES(1100,12610.0E0,12682.0E0,12720.0E0,35,19,'PASSENGER',2)
COMMIT
INSERT INTO PASSENGER VALUES(1101,12627.0E0,12666.0E0,12723.0E0,24,0,'PASSENGER',1)
COMMIT
INSERT INTO PASSENGER VALUES(1102,12665.0E0,12724.0E0,12735.0E0,6,2,'PASSENGER',0)
COMMIT
INSERT INTO PASSENGER VALUES(1103,12670.0E0,12725.0E0,12740.0E0,0,6,'PASSENGER',1)
COMMIT
INSERT INTO PASSENGER VALUES(1104,12602.0E0,12664.0E0,12743.0E0,30,0,'PASSENGER',0)
COMMIT
INSERT INTO PASSENGER VALUES(1105,12681.0E0,12719.0E0,12743.0E0,7,0,'PASSENGER',0)
COMMIT
INSERT INTO PASSENGER VALUES(1106,12624.0E0,12725.0E0,12753.0E0,0,11,'PASSENGER',1)
COMMIT
INSERT INTO PASSENGER VALUES(1107,12661.0E0,12687.0E0,12765.0E0,34,0,'PASSENGER',2)
COMMIT
INSERT INTO PASSENGER VALUES(1108,12701.0E0,12755.0E0,12765.0E0,3,0,'PASSENGER',2)
COMMIT
INSERT INTO PASSENGER VALUES(1109,12671.0E0,12746.0E0,12782.0E0,0,16,'PASSENGER',0)
COMMIT
INSERT INTO PASSENGER VALUES(1110,12687.0E0,12746.0E0,12782.0E0,0,16,'PASSENGER',0)
COMMIT
