Time (0.0) , Pos(1.0), Calls([]) , Pass([]), Dir(NONE), STATE(RESTING), TFloor(1) 
Time (0.0) , Pos(1.0), Calls([]) , Pass([]), Dir(NONE), STATE(RESTING), TFloor(1) 
Time (1.0) , Pos(1.0), Calls([]) , Pass([]), Dir(NONE), STATE(RESTING), TFloor(1) 
Time (1.0) , Pos(1.0), Calls([]) , Pass([]), Dir(NONE), STATE(RESTING), TFloor(1) 
Time (2.0) , Pos(1.0), Calls([]) , Pass([]), Dir(NONE), STATE(RESTING), TFloor(1) 
Time (2.0) , Pos(1.0), Calls([]) , Pass([]), Dir(NONE), STATE(RESTING), TFloor(1) 
Time (3.0) , Pos(1.0), Calls([]) , Pass([]), Dir(NONE), STATE(RESTING), TFloor(1) 
Time (3.0) , Pos(1.0), Calls([]) , Pass([]), Dir(NONE), STATE(RESTING), TFloor(1) 
Time (4.0) , Pos(1.0), Calls([]) , Pass([]), Dir(NONE), STATE(RESTING), TFloor(1) 
Time (4.0) , Pos(1.0), Calls([]) , Pass([]), Dir(NONE), STATE(RESTING), TFloor(1) 
Time (5.0) , Pos(1.0), Calls([]) , Pass([]), Dir(NONE), STATE(RESTING), TFloor(1) 
Time (5.0) , Pos(1.0), Calls([]) , Pass([]), Dir(NONE), STATE(RESTING), TFloor(1) 
Time (6.0) , Pos(1.0), Calls([]) , Pass([]), Dir(NONE), STATE(RESTING), TFloor(1) 
Time (6.0) , Pos(1.0), Calls([]) , Pass([]), Dir(NONE), STATE(RESTING), TFloor(1) 
Time (7.0) , Pos(1.0), Calls([]) , Pass([]), Dir(NONE), STATE(RESTING), TFloor(1) 
Time (7.0) , Pos(1.0), Calls([]) , Pass([]), Dir(NONE), STATE(RESTING), TFloor(1) 
Time (8.0) , Pos(1.0), Calls([]) , Pass([]), Dir(NONE), STATE(RESTING), TFloor(1) 
Time (8.0) , Pos(1.0), Calls([]) , Pass([]), Dir(NONE), STATE(RESTING), TFloor(1) 
Time (9.0) , Pos(1.0), Calls([]) , Pass([]), Dir(NONE), STATE(RESTING), TFloor(1) 
Time (9.0) , Pos(1.0), Calls([]) , Pass([]), Dir(NONE), STATE(RESTING), TFloor(1) 
Time (10.0) , Pos(1.0), Calls([]) , Pass([]), Dir(NONE), STATE(RESTING), TFloor(1) 
Time (10.0) , Pos(1.0), Calls([]) , Pass([]), Dir(NONE), STATE(RESTING), TFloor(1) 
Time (11.0) , Pos(1.0), Calls([]) , Pass([]), Dir(NONE), STATE(RESTING), TFloor(1) 
Time (11.0) , Pos(1.0), Calls([]) , Pass([]), Dir(NONE), STATE(RESTING), TFloor(1) 
Time (12.0) , Pos(1.0), Calls([]) , Pass([]), Dir(NONE), STATE(RESTING), TFloor(1) 
Time (12.0) , Pos(1.0), Calls([]) , Pass([]), Dir(NONE), STATE(RESTING), TFloor(1) 
Time (13.0) , Pos(1.0), Calls([]) , Pass([]), Dir(NONE), STATE(RESTING), TFloor(1) 
Time (13.0) , Pos(1.0), Calls([]) , Pass([]), Dir(NONE), STATE(RESTING), TFloor(1) 
Time (14.0) , Pos(1.0), Calls([]) , Pass([]), Dir(NONE), STATE(RESTING), TFloor(1) 
Time (14.0) , Pos(1.0), Calls([]) , Pass([]), Dir(NONE), STATE(RESTING), TFloor(1) 
Time (15.0) , Pos(1.0), Calls([]) , Pass([]), Dir(NONE), STATE(RESTING), TFloor(1) 
Time (15.0) , Pos(1.0), Calls([]) , Pass([]), Dir(NONE), STATE(RESTING), TFloor(1) 
Call added>> Time (16.0) Call T[16,0.0,0.0] D(30,33) TF(1) 
Time (16.0) , Pos(1.0), Calls([(30,33)]) , Pass([]), Dir(NONE), STATE(RESTING), TFloor(1) 
findDirectionAndTargetFloor>> passengers [[]], callsToCome [[]], calls [[(30,33)]]  = Dir(UP) Tf(30) 
Changing state (MOVING) timeMax(0.0) 
Time (16.0) , Pos(1.0), Calls([(30,33)]) , Pass([]), Dir(UP), STATE(MOVING), TFloor(30) 
Time (17.0) , Pos(1.0), Calls([(30,33)]) , Pass([]), Dir(UP), STATE(MOVING), TFloor(30) 
Time (17.0) , Pos(2.0), Calls([(30,33)]) , Pass([]), Dir(UP), STATE(MOVING), TFloor(30) 
Time (18.0) , Pos(2.0), Calls([(30,33)]) , Pass([]), Dir(UP), STATE(MOVING), TFloor(30) 
Time (18.0) , Pos(3.0), Calls([(30,33)]) , Pass([]), Dir(UP), STATE(MOVING), TFloor(30) 
Time (19.0) , Pos(3.0), Calls([(30,33)]) , Pass([]), Dir(UP), STATE(MOVING), TFloor(30) 
Time (19.0) , Pos(4.0), Calls([(30,33)]) , Pass([]), Dir(UP), STATE(MOVING), TFloor(30) 
Time (20.0) , Pos(4.0), Calls([(30,33)]) , Pass([]), Dir(UP), STATE(MOVING), TFloor(30) 
Time (20.0) , Pos(5.0), Calls([(30,33)]) , Pass([]), Dir(UP), STATE(MOVING), TFloor(30) 
Time (21.0) , Pos(5.0), Calls([(30,33)]) , Pass([]), Dir(UP), STATE(MOVING), TFloor(30) 
Time (21.0) , Pos(6.0), Calls([(30,33)]) , Pass([]), Dir(UP), STATE(MOVING), TFloor(30) 
Time (22.0) , Pos(6.0), Calls([(30,33)]) , Pass([]), Dir(UP), STATE(MOVING), TFloor(30) 
Time (22.0) , Pos(7.0), Calls([(30,33)]) , Pass([]), Dir(UP), STATE(MOVING), TFloor(30) 
Time (23.0) , Pos(7.0), Calls([(30,33)]) , Pass([]), Dir(UP), STATE(MOVING), TFloor(30) 
Time (23.0) , Pos(8.0), Calls([(30,33)]) , Pass([]), Dir(UP), STATE(MOVING), TFloor(30) 
Time (24.0) , Pos(8.0), Calls([(30,33)]) , Pass([]), Dir(UP), STATE(MOVING), TFloor(30) 
Time (24.0) , Pos(9.0), Calls([(30,33)]) , Pass([]), Dir(UP), STATE(MOVING), TFloor(30) 
Time (25.0) , Pos(9.0), Calls([(30,33)]) , Pass([]), Dir(UP), STATE(MOVING), TFloor(30) 
Time (25.0) , Pos(10.0), Calls([(30,33)]) , Pass([]), Dir(UP), STATE(MOVING), TFloor(30) 
Time (26.0) , Pos(10.0), Calls([(30,33)]) , Pass([]), Dir(UP), STATE(MOVING), TFloor(30) 
Time (26.0) , Pos(11.0), Calls([(30,33)]) , Pass([]), Dir(UP), STATE(MOVING), TFloor(30) 
Time (27.0) , Pos(11.0), Calls([(30,33)]) , Pass([]), Dir(UP), STATE(MOVING), TFloor(30) 
Time (27.0) , Pos(12.0), Calls([(30,33)]) , Pass([]), Dir(UP), STATE(MOVING), TFloor(30) 
Time (28.0) , Pos(12.0), Calls([(30,33)]) , Pass([]), Dir(UP), STATE(MOVING), TFloor(30) 
Time (28.0) , Pos(13.0), Calls([(30,33)]) , Pass([]), Dir(UP), STATE(MOVING), TFloor(30) 
Time (29.0) , Pos(13.0), Calls([(30,33)]) , Pass([]), Dir(UP), STATE(MOVING), TFloor(30) 
Time (29.0) , Pos(14.0), Calls([(30,33)]) , Pass([]), Dir(UP), STATE(MOVING), TFloor(30) 
Time (30.0) , Pos(14.0), Calls([(30,33)]) , Pass([]), Dir(UP), STATE(MOVING), TFloor(30) 
Time (30.0) , Pos(15.0), Calls([(30,33)]) , Pass([]), Dir(UP), STATE(MOVING), TFloor(30) 
Time (31.0) , Pos(15.0), Calls([(30,33)]) , Pass([]), Dir(UP), STATE(MOVING), TFloor(30) 
Time (31.0) , Pos(16.0), Calls([(30,33)]) , Pass([]), Dir(UP), STATE(MOVING), TFloor(30) 
Time (32.0) , Pos(16.0), Calls([(30,33)]) , Pass([]), Dir(UP), STATE(MOVING), TFloor(30) 
Time (32.0) , Pos(17.0), Calls([(30,33)]) , Pass([]), Dir(UP), STATE(MOVING), TFloor(30) 
Time (33.0) , Pos(17.0), Calls([(30,33)]) , Pass([]), Dir(UP), STATE(MOVING), TFloor(30) 
Time (33.0) , Pos(18.0), Calls([(30,33)]) , Pass([]), Dir(UP), STATE(MOVING), TFloor(30) 
Time (34.0) , Pos(18.0), Calls([(30,33)]) , Pass([]), Dir(UP), STATE(MOVING), TFloor(30) 
Time (34.0) , Pos(19.0), Calls([(30,33)]) , Pass([]), Dir(UP), STATE(MOVING), TFloor(30) 
Time (35.0) , Pos(19.0), Calls([(30,33)]) , Pass([]), Dir(UP), STATE(MOVING), TFloor(30) 
Time (35.0) , Pos(20.0), Calls([(30,33)]) , Pass([]), Dir(UP), STATE(MOVING), TFloor(30) 
Time (36.0) , Pos(20.0), Calls([(30,33)]) , Pass([]), Dir(UP), STATE(MOVING), TFloor(30) 
Time (36.0) , Pos(21.0), Calls([(30,33)]) , Pass([]), Dir(UP), STATE(MOVING), TFloor(30) 
Time (37.0) , Pos(21.0), Calls([(30,33)]) , Pass([]), Dir(UP), STATE(MOVING), TFloor(30) 
Time (37.0) , Pos(22.0), Calls([(30,33)]) , Pass([]), Dir(UP), STATE(MOVING), TFloor(30) 
Time (38.0) , Pos(22.0), Calls([(30,33)]) , Pass([]), Dir(UP), STATE(MOVING), TFloor(30) 
Time (38.0) , Pos(23.0), Calls([(30,33)]) , Pass([]), Dir(UP), STATE(MOVING), TFloor(30) 
Time (39.0) , Pos(23.0), Calls([(30,33)]) , Pass([]), Dir(UP), STATE(MOVING), TFloor(30) 
Time (39.0) , Pos(24.0), Calls([(30,33)]) , Pass([]), Dir(UP), STATE(MOVING), TFloor(30) 
Time (40.0) , Pos(24.0), Calls([(30,33)]) , Pass([]), Dir(UP), STATE(MOVING), TFloor(30) 
Time (40.0) , Pos(25.0), Calls([(30,33)]) , Pass([]), Dir(UP), STATE(MOVING), TFloor(30) 
Time (41.0) , Pos(25.0), Calls([(30,33)]) , Pass([]), Dir(UP), STATE(MOVING), TFloor(30) 
Time (41.0) , Pos(26.0), Calls([(30,33)]) , Pass([]), Dir(UP), STATE(MOVING), TFloor(30) 
Time (42.0) , Pos(26.0), Calls([(30,33)]) , Pass([]), Dir(UP), STATE(MOVING), TFloor(30) 
Time (42.0) , Pos(27.0), Calls([(30,33)]) , Pass([]), Dir(UP), STATE(MOVING), TFloor(30) 
Time (43.0) , Pos(27.0), Calls([(30,33)]) , Pass([]), Dir(UP), STATE(MOVING), TFloor(30) 
Time (43.0) , Pos(28.0), Calls([(30,33)]) , Pass([]), Dir(UP), STATE(MOVING), TFloor(30) 
Time (44.0) , Pos(28.0), Calls([(30,33)]) , Pass([]), Dir(UP), STATE(MOVING), TFloor(30) 
Time (44.0) , Pos(29.0), Calls([(30,33)]) , Pass([]), Dir(UP), STATE(MOVING), TFloor(30) 
Time (45.0) , Pos(29.0), Calls([(30,33)]) , Pass([]), Dir(UP), STATE(MOVING), TFloor(30) 
Changing state (OPEN_DOOR) timeMax(1.0) 
Time (45.0) , Pos(30.0), Calls([(30,33)]) , Pass([]), Dir(UP), STATE(OPEN_DOOR), TFloor(30) 
Time (46.0) , Pos(30.0), Calls([(30,33)]) , Pass([]), Dir(UP), STATE(OPEN_DOOR), TFloor(30) 
findDirectionAndTargetFloor>> passengers [[]], callsToCome [[(30,33)]], calls [[(30,33)]]  = Dir(UP) Tf(33) 
Changing state (COMING_PASS) timeMax(1.0) 
Time (46.0) , Pos(30.0), Calls([(30,33)]) , Pass([]), Dir(UP), STATE(COMING_PASS), TFloor(33) 
Time (47.0) , Pos(30.0), Calls([(30,33)]) , Pass([]), Dir(UP), STATE(COMING_PASS), TFloor(33) 
COMING PASS>>[(30,33)] 
Changing state (CLOSE_DOOR) timeMax(1.0) 
COMING PASS DIR VALID>>[(30,33)] 
Time (47.0) , Pos(30.0), Calls([]) , Pass([(30,33)]), Dir(UP), STATE(CLOSE_DOOR), TFloor(33) 
Time (48.0) , Pos(30.0), Calls([]) , Pass([(30,33)]), Dir(UP), STATE(CLOSE_DOOR), TFloor(33) 
findDirectionAndTargetFloor>> passengers [[(30,33)]], callsToCome [[]], calls [[]]  = Dir(UP) Tf(33) 
Changing state (MOVING) timeMax(0.0) 
Time (48.0) , Pos(30.0), Calls([]) , Pass([(30,33)]), Dir(UP), STATE(MOVING), TFloor(33) 
Time (49.0) , Pos(30.0), Calls([]) , Pass([(30,33)]), Dir(UP), STATE(MOVING), TFloor(33) 
Time (49.0) , Pos(31.0), Calls([]) , Pass([(30,33)]), Dir(UP), STATE(MOVING), TFloor(33) 
Time (50.0) , Pos(31.0), Calls([]) , Pass([(30,33)]), Dir(UP), STATE(MOVING), TFloor(33) 
Time (50.0) , Pos(32.0), Calls([]) , Pass([(30,33)]), Dir(UP), STATE(MOVING), TFloor(33) 
Time (51.0) , Pos(32.0), Calls([]) , Pass([(30,33)]), Dir(UP), STATE(MOVING), TFloor(33) 
Changing state (OPEN_DOOR) timeMax(1.0) 
Time (51.0) , Pos(33.0), Calls([]) , Pass([(30,33)]), Dir(UP), STATE(OPEN_DOOR), TFloor(33) 
Time (52.0) , Pos(33.0), Calls([]) , Pass([(30,33)]), Dir(UP), STATE(OPEN_DOOR), TFloor(33) 
Changing state (EXIT_PASS) timeMax(1.0) 
Time (52.0) , Pos(33.0), Calls([]) , Pass([(30,33)]), Dir(UP), STATE(EXIT_PASS), TFloor(33) 
Time (53.0) , Pos(33.0), Calls([]) , Pass([(30,33)]), Dir(UP), STATE(EXIT_PASS), TFloor(33) 
Elevator [0] The passenger (30,33), was removed. -> T[16,47.0,53.0] D(30,33) 
Changing state (CLOSE_DOOR) timeMax(1.0) 
Time (53.0) , Pos(33.0), Calls([]) , Pass([]), Dir(UP), STATE(CLOSE_DOOR), TFloor(33) 
Time (54.0) , Pos(33.0), Calls([]) , Pass([]), Dir(UP), STATE(CLOSE_DOOR), TFloor(33) 
Changing state (RESTING) timeMax(0.0) 
Time (54.0) , Pos(33.0), Calls([]) , Pass([]), Dir(UP), STATE(RESTING), TFloor(33) 
Time (55.0) , Pos(33.0), Calls([]) , Pass([]), Dir(UP), STATE(RESTING), TFloor(33) 
findDirectionAndTargetFloor>> passengers [[]], callsToCome [[]], calls [[(1,1)]]  = Dir(DOWN) Tf(1) 
Changing state (MOVING) timeMax(0.0) 
Time (55.0) , Pos(33.0), Calls([(1,1)]) , Pass([]), Dir(DOWN), STATE(MOVING), TFloor(1) 
Time (56.0) , Pos(33.0), Calls([(1,1)]) , Pass([]), Dir(DOWN), STATE(MOVING), TFloor(1) 
Time (56.0) , Pos(32.0), Calls([(1,1)]) , Pass([]), Dir(DOWN), STATE(MOVING), TFloor(1) 
Time (57.0) , Pos(32.0), Calls([(1,1)]) , Pass([]), Dir(DOWN), STATE(MOVING), TFloor(1) 
Time (57.0) , Pos(31.0), Calls([(1,1)]) , Pass([]), Dir(DOWN), STATE(MOVING), TFloor(1) 
Time (58.0) , Pos(31.0), Calls([(1,1)]) , Pass([]), Dir(DOWN), STATE(MOVING), TFloor(1) 
Time (58.0) , Pos(30.0), Calls([(1,1)]) , Pass([]), Dir(DOWN), STATE(MOVING), TFloor(1) 
Time (59.0) , Pos(30.0), Calls([(1,1)]) , Pass([]), Dir(DOWN), STATE(MOVING), TFloor(1) 
Time (59.0) , Pos(29.0), Calls([(1,1)]) , Pass([]), Dir(DOWN), STATE(MOVING), TFloor(1) 
Time (60.0) , Pos(29.0), Calls([(1,1)]) , Pass([]), Dir(DOWN), STATE(MOVING), TFloor(1) 
Time (60.0) , Pos(28.0), Calls([(1,1)]) , Pass([]), Dir(DOWN), STATE(MOVING), TFloor(1) 
Time (61.0) , Pos(28.0), Calls([(1,1)]) , Pass([]), Dir(DOWN), STATE(MOVING), TFloor(1) 
Time (61.0) , Pos(27.0), Calls([(1,1)]) , Pass([]), Dir(DOWN), STATE(MOVING), TFloor(1) 
Time (62.0) , Pos(27.0), Calls([(1,1)]) , Pass([]), Dir(DOWN), STATE(MOVING), TFloor(1) 
Time (62.0) , Pos(26.0), Calls([(1,1)]) , Pass([]), Dir(DOWN), STATE(MOVING), TFloor(1) 
Time (63.0) , Pos(26.0), Calls([(1,1)]) , Pass([]), Dir(DOWN), STATE(MOVING), TFloor(1) 
Time (63.0) , Pos(25.0), Calls([(1,1)]) , Pass([]), Dir(DOWN), STATE(MOVING), TFloor(1) 
Time (64.0) , Pos(25.0), Calls([(1,1)]) , Pass([]), Dir(DOWN), STATE(MOVING), TFloor(1) 
Time (64.0) , Pos(24.0), Calls([(1,1)]) , Pass([]), Dir(DOWN), STATE(MOVING), TFloor(1) 
Time (65.0) , Pos(24.0), Calls([(1,1)]) , Pass([]), Dir(DOWN), STATE(MOVING), TFloor(1) 
Time (65.0) , Pos(23.0), Calls([(1,1)]) , Pass([]), Dir(DOWN), STATE(MOVING), TFloor(1) 
Time (66.0) , Pos(23.0), Calls([(1,1)]) , Pass([]), Dir(DOWN), STATE(MOVING), TFloor(1) 
Time (66.0) , Pos(22.0), Calls([(1,1)]) , Pass([]), Dir(DOWN), STATE(MOVING), TFloor(1) 
Time (67.0) , Pos(22.0), Calls([(1,1)]) , Pass([]), Dir(DOWN), STATE(MOVING), TFloor(1) 
Time (67.0) , Pos(21.0), Calls([(1,1)]) , Pass([]), Dir(DOWN), STATE(MOVING), TFloor(1) 
Time (68.0) , Pos(21.0), Calls([(1,1)]) , Pass([]), Dir(DOWN), STATE(MOVING), TFloor(1) 
Time (68.0) , Pos(20.0), Calls([(1,1)]) , Pass([]), Dir(DOWN), STATE(MOVING), TFloor(1) 
Time (69.0) , Pos(20.0), Calls([(1,1)]) , Pass([]), Dir(DOWN), STATE(MOVING), TFloor(1) 
Time (69.0) , Pos(19.0), Calls([(1,1)]) , Pass([]), Dir(DOWN), STATE(MOVING), TFloor(1) 
Time (70.0) , Pos(19.0), Calls([(1,1)]) , Pass([]), Dir(DOWN), STATE(MOVING), TFloor(1) 
Time (70.0) , Pos(18.0), Calls([(1,1)]) , Pass([]), Dir(DOWN), STATE(MOVING), TFloor(1) 
Time (71.0) , Pos(18.0), Calls([(1,1)]) , Pass([]), Dir(DOWN), STATE(MOVING), TFloor(1) 
Time (71.0) , Pos(17.0), Calls([(1,1)]) , Pass([]), Dir(DOWN), STATE(MOVING), TFloor(1) 
Time (72.0) , Pos(17.0), Calls([(1,1)]) , Pass([]), Dir(DOWN), STATE(MOVING), TFloor(1) 
Time (72.0) , Pos(16.0), Calls([(1,1)]) , Pass([]), Dir(DOWN), STATE(MOVING), TFloor(1) 
Time (73.0) , Pos(16.0), Calls([(1,1)]) , Pass([]), Dir(DOWN), STATE(MOVING), TFloor(1) 
Time (73.0) , Pos(15.0), Calls([(1,1)]) , Pass([]), Dir(DOWN), STATE(MOVING), TFloor(1) 
Time (74.0) , Pos(15.0), Calls([(1,1)]) , Pass([]), Dir(DOWN), STATE(MOVING), TFloor(1) 
Time (74.0) , Pos(14.0), Calls([(1,1)]) , Pass([]), Dir(DOWN), STATE(MOVING), TFloor(1) 
Time (75.0) , Pos(14.0), Calls([(1,1)]) , Pass([]), Dir(DOWN), STATE(MOVING), TFloor(1) 
Time (75.0) , Pos(13.0), Calls([(1,1)]) , Pass([]), Dir(DOWN), STATE(MOVING), TFloor(1) 
Time (76.0) , Pos(13.0), Calls([(1,1)]) , Pass([]), Dir(DOWN), STATE(MOVING), TFloor(1) 
Time (76.0) , Pos(12.0), Calls([(1,1)]) , Pass([]), Dir(DOWN), STATE(MOVING), TFloor(1) 
